xsbt.boot.internal.shaded.coursier.error.ResolutionError$CantDownloadModule: Error downloading org.scala-sbt:sbt:1.12.6
  not found: C:\Users\CodexSandboxOffline\.ivy2\local\org.scala-sbt\sbt\1.12.6\ivys\ivy.xml
  download error: Caught java.net.SocketException (Permission denied: connect) while downloading https://repo1.maven.org/maven2/org/scala-sbt/sbt/1.12.6/sbt-1.12.6.pom
  download error: Caught java.net.SocketException (Permission denied: connect) while downloading https://repo.scala-sbt.org/scalasbt/maven-releases/org/scala-sbt/sbt/1.12.6/sbt-1.12.6.pom
  download error: Caught java.net.SocketException (Permission denied: connect) while downloading https://repo.scala-sbt.org/scalasbt/maven-snapshots/org/scala-sbt/sbt/1.12.6/sbt-1.12.6.pom
  download error: Caught java.net.SocketException (Permission denied: connect) while downloading https://repo.typesafe.com/typesafe/ivy-releases/org.scala-sbt/sbt/1.12.6/ivys/ivy.xml
  download error: Caught java.net.SocketException (Permission denied: connect) while downloading https://repo.scala-sbt.org/scalasbt/ivy-snapshots/org.scala-sbt/sbt/1.12.6/ivys/ivy.xml
	at xsbt.boot.internal.shaded.coursier.Resolve$.$anonfun$validate$1(Resolve.scala:329)
	at scala.collection.immutable.List.map(List.scala:247)
	at scala.collection.immutable.List.map(List.scala:79)
	at xsbt.boot.internal.shaded.coursier.Resolve$.validate(Resolve.scala:327)
	at xsbt.boot.internal.shaded.coursier.Resolve.validate0$1(Resolve.scala:115)
	at xsbt.boot.internal.shaded.coursier.Resolve.$anonfun$ioWithConflicts0$4(Resolve.scala:161)
	at xsbt.boot.internal.shaded.coursier.util.Task$.$anonfun$flatMap$extension$1(Task.scala:14)
	at xsbt.boot.internal.shaded.coursier.util.Task$.$anonfun$flatMap$extension$1$adapted(Task.scala:14)
	at xsbt.boot.internal.shaded.coursier.util.Task$.wrap(Task.scala:84)
	at xsbt.boot.internal.shaded.coursier.util.Task$.$anonfun$flatMap$2(Task.scala:14)
	at scala.concurrent.impl.Promise$Transformation.run(Promise.scala:470)
	at java.base/java.util.concurrent.ThreadPoolExecutor.runWorker(ThreadPoolExecutor.java:1144)
	at java.base/java.util.concurrent.ThreadPoolExecutor$Worker.run(ThreadPoolExecutor.java:642)
	at java.base/java.lang.Thread.run(Thread.java:1583)
