2026.03.21 13:37:56 INFO  Started: Metals version 1.6.6 in folders 'C:\Users\Rifki\Personal\CollegeWorkspace\ChipDesign\Python\raytrace' for client Visual Studio Code 1.112.0.
2026.03.21 13:37:56 INFO  Memory monitor started
2026.03.21 13:37:59 WARN  Using H2 2.4.240 which is newer than the version Flyway has been verified with. The latest verified version of H2 is 2.3.232.
2026.03.21 13:38:19 INFO  no build target found for C:\Users\Rifki\Personal\CollegeWorkspace\ChipDesign\Python\raytrace\build.sbt. Using presentation compiler with project's scala-library version: 3.3.7
2026.03.21 13:38:21 WARN  Could not find semantic tokens for: file:///C:/Users/Rifki/Personal/CollegeWorkspace/ChipDesign/Python/raytrace/build.sbt
2026.03.21 13:38:39 INFO  no build target found for C:\Users\Rifki\Personal\CollegeWorkspace\ChipDesign\Python\raytrace\build.sbt. Using presentation compiler with project's scala-library version: 3.3.7
2026.03.21 13:38:39 INFO  no build target found for C:\Users\Rifki\Personal\CollegeWorkspace\ChipDesign\Python\raytrace\build.sbt. Using presentation compiler with project's scala-library version: 3.3.7
Mar 21, 2026 1:38:39 PM org.eclipse.lsp4j.jsonrpc.RemoteEndpoint handleCancellation
WARNING: Unmatched cancel notification for request id 11
2026.03.21 13:38:39 INFO  no build target found for C:\Users\Rifki\Personal\CollegeWorkspace\ChipDesign\Python\raytrace\build.sbt. Using presentation compiler with project's scala-library version: 3.3.7
2026.03.21 13:38:39 INFO  no build target found for C:\Users\Rifki\Personal\CollegeWorkspace\ChipDesign\Python\raytrace\build.sbt. Using presentation compiler with project's scala-library version: 3.3.7
2026.03.21 13:38:39 INFO  no build target found for C:\Users\Rifki\Personal\CollegeWorkspace\ChipDesign\Python\raytrace\build.sbt. Using presentation compiler with project's scala-library version: 3.3.7
2026.03.21 13:38:39 INFO  no build target found for C:\Users\Rifki\Personal\CollegeWorkspace\ChipDesign\Python\raytrace\build.sbt. Using presentation compiler with project's scala-library version: 3.3.7
2026.03.21 13:38:39 WARN  no build target for: C:\Users\Rifki\Personal\CollegeWorkspace\ChipDesign\Python\raytrace\build.sbt
2026.03.21 13:38:39 INFO  no build target found for C:\Users\Rifki\Personal\CollegeWorkspace\ChipDesign\Python\raytrace\build.sbt. Using presentation compiler with project's scala-library version: 3.3.7
2026.03.21 13:38:41 INFO  no build target found for C:\Users\Rifki\Personal\CollegeWorkspace\ChipDesign\Python\raytrace\build.sbt. Using presentation compiler with project's scala-library version: 3.3.7
2026.03.21 13:38:41 INFO  no build target found for C:\Users\Rifki\Personal\CollegeWorkspace\ChipDesign\Python\raytrace\build.sbt. Using presentation compiler with project's scala-library version: 3.3.7
2026.03.21 13:39:21 INFO  no build target found for C:\Users\Rifki\Personal\CollegeWorkspace\ChipDesign\Python\raytrace\src\main\scala\RayTrace.scala. Using presentation compiler with project's scala-library version: 3.3.7
2026.03.21 13:39:21 WARN  no build target for: C:\Users\Rifki\Personal\CollegeWorkspace\ChipDesign\Python\raytrace\src\main\scala\RayTrace.scala
2026.03.21 13:39:21 INFO  no build target found for C:\Users\Rifki\Personal\CollegeWorkspace\ChipDesign\Python\raytrace\src\main\scala\RayTrace.scala. Using presentation compiler with project's scala-library version: 3.3.7
2026.03.21 13:39:21 INFO  no build target found for C:\Users\Rifki\Personal\CollegeWorkspace\ChipDesign\Python\raytrace\build.sbt. Using presentation compiler with project's scala-library version: 3.3.7
2026.03.21 13:39:22 INFO  no build target found for C:\Users\Rifki\Personal\CollegeWorkspace\ChipDesign\Python\raytrace\src\main\scala\RayTrace.scala. Using presentation compiler with project's scala-library version: 3.3.7
2026.03.21 13:39:22 INFO  no build target found for C:\Users\Rifki\Personal\CollegeWorkspace\ChipDesign\Python\raytrace\src\main\scala\RayTrace.scala. Using presentation compiler with project's scala-library version: 3.3.7
2026.03.21 13:39:22 INFO  no build target found for C:\Users\Rifki\Personal\CollegeWorkspace\ChipDesign\Python\raytrace\src\main\scala\RayTrace.scala. Using presentation compiler with project's scala-library version: 3.3.7
2026.03.21 13:39:24 INFO  no build target found for C:\Users\Rifki\Personal\CollegeWorkspace\ChipDesign\Python\raytrace\src\main\scala\RayTrace.scala. Using presentation compiler with project's scala-library version: 3.3.7
2026.03.21 13:39:24 INFO  no build target found for C:\Users\Rifki\Personal\CollegeWorkspace\ChipDesign\Python\raytrace\src\main\scala\RayTrace.scala. Using presentation compiler with project's scala-library version: 3.3.7
Mar 21, 2026 1:39:25 PM org.eclipse.lsp4j.jsonrpc.RemoteEndpoint handleCancellation
WARNING: Unmatched cancel notification for request id 35
2026.03.21 13:39:25 INFO  no build target found for C:\Users\Rifki\Personal\CollegeWorkspace\ChipDesign\Python\raytrace\src\main\scala\RayTrace.scala. Using presentation compiler with project's scala-library version: 3.3.7
2026.03.21 13:39:26 INFO  no build target found for C:\Users\Rifki\Personal\CollegeWorkspace\ChipDesign\Python\raytrace\src\main\scala\RayTrace.scala. Using presentation compiler with project's scala-library version: 3.3.7
2026.03.21 13:39:28 INFO  no build target found for C:\Users\Rifki\Personal\CollegeWorkspace\ChipDesign\Python\raytrace\src\main\scala\RayTrace.scala. Using presentation compiler with project's scala-library version: 3.3.7
2026.03.21 13:39:28 INFO  no build target found for C:\Users\Rifki\Personal\CollegeWorkspace\ChipDesign\Python\raytrace\src\main\scala\RayTrace.scala. Using presentation compiler with project's scala-library version: 3.3.7
2026.03.21 13:39:28 INFO  no build target found for C:\Users\Rifki\Personal\CollegeWorkspace\ChipDesign\Python\raytrace\src\main\scala\RayTrace.scala. Using presentation compiler with project's scala-library version: 3.3.7
2026.03.21 13:39:30 INFO  no build target found for C:\Users\Rifki\Personal\CollegeWorkspace\ChipDesign\Python\raytrace\src\main\scala\RayTrace.scala. Using presentation compiler with project's scala-library version: 3.3.7
2026.03.21 13:39:32 INFO  no build target found for C:\Users\Rifki\Personal\CollegeWorkspace\ChipDesign\Python\raytrace\src\main\scala\RayTrace.scala. Using presentation compiler with project's scala-library version: 3.3.7
2026.03.21 13:39:34 INFO  no build target found for C:\Users\Rifki\Personal\CollegeWorkspace\ChipDesign\Python\raytrace\src\main\scala\RayTrace.scala. Using presentation compiler with project's scala-library version: 3.3.7
2026.03.21 13:39:36 INFO  no build target found for C:\Users\Rifki\Personal\CollegeWorkspace\ChipDesign\Python\raytrace\src\main\scala\RayTrace.scala. Using presentation compiler with project's scala-library version: 3.3.7
2026.03.21 13:39:37 INFO  no build target found for C:\Users\Rifki\Personal\CollegeWorkspace\ChipDesign\Python\raytrace\src\main\scala\RayTrace.scala. Using presentation compiler with project's scala-library version: 3.3.7
2026.03.21 13:39:38 INFO  no build target found for C:\Users\Rifki\Personal\CollegeWorkspace\ChipDesign\Python\raytrace\src\main\scala\RayTrace.scala. Using presentation compiler with project's scala-library version: 3.3.7
2026.03.21 13:39:38 INFO  no build target found for C:\Users\Rifki\Personal\CollegeWorkspace\ChipDesign\Python\raytrace\src\main\scala\RayTrace.scala. Using presentation compiler with project's scala-library version: 3.3.7
2026.03.21 13:39:40 INFO  no build target found for C:\Users\Rifki\Personal\CollegeWorkspace\ChipDesign\Python\raytrace\src\main\scala\RayTrace.scala. Using presentation compiler with project's scala-library version: 3.3.7
2026.03.21 13:39:46 INFO  no build target found for C:\Users\Rifki\Personal\CollegeWorkspace\ChipDesign\Python\raytrace\src\main\scala\RayTrace.scala. Using presentation compiler with project's scala-library version: 3.3.7
2026.03.21 13:39:46 INFO  no build target found for C:\Users\Rifki\Personal\CollegeWorkspace\ChipDesign\Python\raytrace\src\main\scala\RayTrace.scala. Using presentation compiler with project's scala-library version: 3.3.7
2026.03.21 13:39:46 INFO  no build target found for C:\Users\Rifki\Personal\CollegeWorkspace\ChipDesign\Python\raytrace\src\main\scala\RayTrace.scala. Using presentation compiler with project's scala-library version: 3.3.7
2026.03.21 13:39:47 INFO  no build target found for C:\Users\Rifki\Personal\CollegeWorkspace\ChipDesign\Python\raytrace\src\main\scala\RayTrace.scala. Using presentation compiler with project's scala-library version: 3.3.7
2026.03.21 13:39:47 WARN  no build target for: C:\Users\Rifki\Personal\CollegeWorkspace\ChipDesign\Python\raytrace\src\main\scala\RayTrace.scala
2026.03.21 13:39:47 INFO  no build target found for C:\Users\Rifki\Personal\CollegeWorkspace\ChipDesign\Python\raytrace\src\main\scala\RayTrace.scala. Using presentation compiler with project's scala-library version: 3.3.7
2026.03.21 13:39:51 INFO  no build target found for C:\Users\Rifki\Personal\CollegeWorkspace\ChipDesign\Python\raytrace\src\main\scala\RayTrace.scala. Using presentation compiler with project's scala-library version: 3.3.7
2026.03.21 13:39:54 INFO  no build target found for C:\Users\Rifki\Personal\CollegeWorkspace\ChipDesign\Python\raytrace\src\main\scala\RayTrace.scala. Using presentation compiler with project's scala-library version: 3.3.7
2026.03.21 13:39:58 INFO  no build target found for C:\Users\Rifki\Personal\CollegeWorkspace\ChipDesign\Python\raytrace\src\main\scala\RayTrace.scala. Using presentation compiler with project's scala-library version: 3.3.7
2026.03.21 13:40:28 INFO  no build target found for C:\Users\Rifki\Personal\CollegeWorkspace\ChipDesign\Python\raytrace\src\main\scala\RayTrace.scala. Using presentation compiler with project's scala-library version: 3.3.7
2026.03.21 13:40:32 INFO  no build target found for C:\Users\Rifki\Personal\CollegeWorkspace\ChipDesign\Python\raytrace\src\main\scala\RayTrace.scala. Using presentation compiler with project's scala-library version: 3.3.7
2026.03.21 13:40:32 INFO  no build target found for C:\Users\Rifki\Personal\CollegeWorkspace\ChipDesign\Python\raytrace\src\main\scala\RayTrace.scala. Using presentation compiler with project's scala-library version: 3.3.7
2026.03.21 13:40:32 INFO  no build target found for C:\Users\Rifki\Personal\CollegeWorkspace\ChipDesign\Python\raytrace\src\main\scala\RayTrace.scala. Using presentation compiler with project's scala-library version: 3.3.7
2026.03.21 13:40:34 INFO  no build target found for C:\Users\Rifki\Personal\CollegeWorkspace\ChipDesign\Python\raytrace\src\main\scala\RayTrace.scala. Using presentation compiler with project's scala-library version: 3.3.7
Mar 21, 2026 1:40:34 PM org.eclipse.lsp4j.jsonrpc.RemoteEndpoint handleCancellation
WARNING: Unmatched cancel notification for request id 100
2026.03.21 13:40:34 INFO  no build target found for C:\Users\Rifki\Personal\CollegeWorkspace\ChipDesign\Python\raytrace\src\main\scala\RayTrace.scala. Using presentation compiler with project's scala-library version: 3.3.7
2026.03.21 13:40:34 INFO  no build target found for C:\Users\Rifki\Personal\CollegeWorkspace\ChipDesign\Python\raytrace\src\main\scala\RayTrace.scala. Using presentation compiler with project's scala-library version: 3.3.7
2026.03.21 13:40:34 INFO  no build target found for C:\Users\Rifki\Personal\CollegeWorkspace\ChipDesign\Python\raytrace\src\main\scala\RayTrace.scala. Using presentation compiler with project's scala-library version: 3.3.7
2026.03.21 13:40:34 INFO  no build target found for C:\Users\Rifki\Personal\CollegeWorkspace\ChipDesign\Python\raytrace\src\main\scala\RayTrace.scala. Using presentation compiler with project's scala-library version: 3.3.7
2026.03.21 13:40:34 INFO  no build target found for C:\Users\Rifki\Personal\CollegeWorkspace\ChipDesign\Python\raytrace\src\main\scala\RayTrace.scala. Using presentation compiler with project's scala-library version: 3.3.7
2026.03.21 13:40:35 INFO  no build target found for C:\Users\Rifki\Personal\CollegeWorkspace\ChipDesign\Python\raytrace\src\main\scala\RayTrace.scala. Using presentation compiler with project's scala-library version: 3.3.7
2026.03.21 13:40:35 INFO  no build target found for C:\Users\Rifki\Personal\CollegeWorkspace\ChipDesign\Python\raytrace\src\main\scala\RayTrace.scala. Using presentation compiler with project's scala-library version: 3.3.7
2026.03.21 13:40:35 INFO  no build target found for C:\Users\Rifki\Personal\CollegeWorkspace\ChipDesign\Python\raytrace\src\main\scala\RayTrace.scala. Using presentation compiler with project's scala-library version: 3.3.7
2026.03.21 13:40:35 INFO  no build target found for C:\Users\Rifki\Personal\CollegeWorkspace\ChipDesign\Python\raytrace\src\main\scala\RayTrace.scala. Using presentation compiler with project's scala-library version: 3.3.7
2026.03.21 13:40:35 INFO  no build target found for C:\Users\Rifki\Personal\CollegeWorkspace\ChipDesign\Python\raytrace\src\main\scala\RayTrace.scala. Using presentation compiler with project's scala-library version: 3.3.7
2026.03.21 13:40:35 INFO  no build target found for C:\Users\Rifki\Personal\CollegeWorkspace\ChipDesign\Python\raytrace\src\main\scala\RayTrace.scala. Using presentation compiler with project's scala-library version: 3.3.7
2026.03.21 13:40:35 INFO  no build target found for C:\Users\Rifki\Personal\CollegeWorkspace\ChipDesign\Python\raytrace\src\main\scala\RayTrace.scala. Using presentation compiler with project's scala-library version: 3.3.7
2026.03.21 13:40:35 INFO  no build target found for C:\Users\Rifki\Personal\CollegeWorkspace\ChipDesign\Python\raytrace\src\main\scala\RayTrace.scala. Using presentation compiler with project's scala-library version: 3.3.7
Mar 21, 2026 1:40:36 PM org.eclipse.lsp4j.jsonrpc.RemoteEndpoint handleCancellation
WARNING: Unmatched cancel notification for request id 114
2026.03.21 13:40:36 INFO  no build target found for C:\Users\Rifki\Personal\CollegeWorkspace\ChipDesign\Python\raytrace\src\main\scala\RayTrace.scala. Using presentation compiler with project's scala-library version: 3.3.7
2026.03.21 13:40:36 INFO  no build target found for C:\Users\Rifki\Personal\CollegeWorkspace\ChipDesign\Python\raytrace\src\main\scala\RayTrace.scala. Using presentation compiler with project's scala-library version: 3.3.7
2026.03.21 13:40:36 INFO  no build target found for C:\Users\Rifki\Personal\CollegeWorkspace\ChipDesign\Python\raytrace\src\main\scala\RayTrace.scala. Using presentation compiler with project's scala-library version: 3.3.7
2026.03.21 13:40:36 INFO  no build target found for C:\Users\Rifki\Personal\CollegeWorkspace\ChipDesign\Python\raytrace\src\main\scala\RayTrace.scala. Using presentation compiler with project's scala-library version: 3.3.7
2026.03.21 13:40:36 INFO  no build target found for C:\Users\Rifki\Personal\CollegeWorkspace\ChipDesign\Python\raytrace\src\main\scala\RayTrace.scala. Using presentation compiler with project's scala-library version: 3.3.7
2026.03.21 13:40:36 INFO  no build target found for C:\Users\Rifki\Personal\CollegeWorkspace\ChipDesign\Python\raytrace\src\main\scala\RayTrace.scala. Using presentation compiler with project's scala-library version: 3.3.7
2026.03.21 13:40:37 WARN  no build target for: C:\Users\Rifki\Personal\CollegeWorkspace\ChipDesign\Python\raytrace\src\main\scala\RayTrace.scala
2026.03.21 13:40:37 INFO  no build target found for C:\Users\Rifki\Personal\CollegeWorkspace\ChipDesign\Python\raytrace\src\main\scala\RayTrace.scala. Using presentation compiler with project's scala-library version: 3.3.7
2026.03.21 13:40:36 INFO  no build target found for C:\Users\Rifki\Personal\CollegeWorkspace\ChipDesign\Python\raytrace\src\main\scala\RayTrace.scala. Using presentation compiler with project's scala-library version: 3.3.7
2026.03.21 13:42:06 INFO  no build target found for C:\Users\Rifki\Personal\CollegeWorkspace\ChipDesign\Python\raytrace\build.sbt. Using presentation compiler with project's scala-library version: 3.3.7
2026.03.21 13:42:06 WARN  no build target for: C:\Users\Rifki\Personal\CollegeWorkspace\ChipDesign\Python\raytrace\build.sbt
Mar 21, 2026 1:42:06 PM org.eclipse.lsp4j.jsonrpc.RemoteEndpoint handleCancellation
WARNING: Unmatched cancel notification for request id 143
2026.03.21 13:42:06 INFO  no build target found for C:\Users\Rifki\Personal\CollegeWorkspace\ChipDesign\Python\raytrace\build.sbt. Using presentation compiler with project's scala-library version: 3.3.7
2026.03.21 13:42:06 INFO  no build target found for C:\Users\Rifki\Personal\CollegeWorkspace\ChipDesign\Python\raytrace\build.sbt. Using presentation compiler with project's scala-library version: 3.3.7
2026.03.21 13:42:06 INFO  no build target found for C:\Users\Rifki\Personal\CollegeWorkspace\ChipDesign\Python\raytrace\build.sbt. Using presentation compiler with project's scala-library version: 3.3.7
2026.03.21 13:42:06 INFO  no build target found for C:\Users\Rifki\Personal\CollegeWorkspace\ChipDesign\Python\raytrace\build.sbt. Using presentation compiler with project's scala-library version: 3.3.7
2026.03.21 13:42:06 INFO  no build target found for C:\Users\Rifki\Personal\CollegeWorkspace\ChipDesign\Python\raytrace\build.sbt. Using presentation compiler with project's scala-library version: 3.3.7
2026.03.21 13:42:06 INFO  no build target found for C:\Users\Rifki\Personal\CollegeWorkspace\ChipDesign\Python\raytrace\build.sbt. Using presentation compiler with project's scala-library version: 3.3.7
2026.03.21 13:42:06 INFO  no build target found for C:\Users\Rifki\Personal\CollegeWorkspace\ChipDesign\Python\raytrace\build.sbt. Using presentation compiler with project's scala-library version: 3.3.7
2026.03.21 13:42:06 INFO  no build target found for C:\Users\Rifki\Personal\CollegeWorkspace\ChipDesign\Python\raytrace\build.sbt. Using presentation compiler with project's scala-library version: 3.3.7
2026.03.21 13:42:06 INFO  no build target found for C:\Users\Rifki\Personal\CollegeWorkspace\ChipDesign\Python\raytrace\build.sbt. Using presentation compiler with project's scala-library version: 3.3.7
2026.03.21 13:42:06 INFO  no build target found for C:\Users\Rifki\Personal\CollegeWorkspace\ChipDesign\Python\raytrace\build.sbt. Using presentation compiler with project's scala-library version: 3.3.7
2026.03.21 13:42:07 INFO  no build target found for C:\Users\Rifki\Personal\CollegeWorkspace\ChipDesign\Python\raytrace\build.sbt. Using presentation compiler with project's scala-library version: 3.3.7
2026.03.21 13:42:07 WARN  no build target for: C:\Users\Rifki\Personal\CollegeWorkspace\ChipDesign\Python\raytrace\build.sbt
2026.03.21 13:42:07 INFO  no build target found for C:\Users\Rifki\Personal\CollegeWorkspace\ChipDesign\Python\raytrace\build.sbt. Using presentation compiler with project's scala-library version: 3.3.7
2026.03.21 13:42:07 WARN  Could not find semantic tokens for: file:///C:/Users/Rifki/Personal/CollegeWorkspace/ChipDesign/Python/raytrace/build.sbt
2026.03.21 13:42:07 INFO  no build target found for C:\Users\Rifki\Personal\CollegeWorkspace\ChipDesign\Python\raytrace\build.sbt. Using presentation compiler with project's scala-library version: 3.3.7
2026.03.21 13:42:07 WARN  Could not find semantic tokens for: file:///C:/Users/Rifki/Personal/CollegeWorkspace/ChipDesign/Python/raytrace/build.sbt
2026.03.21 13:42:21 INFO  no build target found for C:\Users\Rifki\Personal\CollegeWorkspace\ChipDesign\Python\raytrace\build.sbt. Using presentation compiler with project's scala-library version: 3.3.7
2026.03.21 13:42:41 INFO  no build target found for C:\Users\Rifki\Personal\CollegeWorkspace\ChipDesign\Python\raytrace\src\test\scala\RayTracerTest.scala. Using presentation compiler with project's scala-library version: 3.3.7
2026.03.21 13:42:41 WARN  no build target for: C:\Users\Rifki\Personal\CollegeWorkspace\ChipDesign\Python\raytrace\src\test\scala\RayTracerTest.scala
2026.03.21 13:42:41 INFO  no build target found for C:\Users\Rifki\Personal\CollegeWorkspace\ChipDesign\Python\raytrace\src\test\scala\RayTracerTest.scala. Using presentation compiler with project's scala-library version: 3.3.7
2026.03.21 13:42:41 INFO  no build target found for C:\Users\Rifki\Personal\CollegeWorkspace\ChipDesign\Python\raytrace\build.sbt. Using presentation compiler with project's scala-library version: 3.3.7
2026.03.21 13:42:41 WARN  Could not find semantic tokens for: file:///C:/Users/Rifki/Personal/CollegeWorkspace/ChipDesign/Python/raytrace/build.sbt
2026.03.21 13:42:41 INFO  no build target found for C:\Users\Rifki\Personal\CollegeWorkspace\ChipDesign\Python\raytrace\src\test\scala\RayTracerTest.scala. Using presentation compiler with project's scala-library version: 3.3.7
2026.03.21 13:42:41 WARN  Could not find semantic tokens for: file:///C:/Users/Rifki/Personal/CollegeWorkspace/ChipDesign/Python/raytrace/src/test/scala/RayTracerTest.scala
2026.03.21 13:42:41 INFO  no build target found for C:\Users\Rifki\Personal\CollegeWorkspace\ChipDesign\Python\raytrace\src\test\scala\RayTracerTest.scala. Using presentation compiler with project's scala-library version: 3.3.7
2026.03.21 13:42:41 INFO  no build target found for C:\Users\Rifki\Personal\CollegeWorkspace\ChipDesign\Python\raytrace\src\test\scala\RayTracerTest.scala. Using presentation compiler with project's scala-library version: 3.3.7
2026.03.21 13:42:42 INFO  no build target found for C:\Users\Rifki\Personal\CollegeWorkspace\ChipDesign\Python\raytrace\src\test\scala\RayTracerTest.scala. Using presentation compiler with project's scala-library version: 3.3.7
2026.03.21 13:42:42 WARN  no build target for: C:\Users\Rifki\Personal\CollegeWorkspace\ChipDesign\Python\raytrace\src\test\scala\RayTracerTest.scala
2026.03.21 13:42:42 INFO  no build target found for C:\Users\Rifki\Personal\CollegeWorkspace\ChipDesign\Python\raytrace\src\test\scala\RayTracerTest.scala. Using presentation compiler with project's scala-library version: 3.3.7
2026.03.21 13:42:42 INFO  no build target found for C:\Users\Rifki\Personal\CollegeWorkspace\ChipDesign\Python\raytrace\src\test\scala\RayTracerTest.scala. Using presentation compiler with project's scala-library version: 3.3.7
Mar 21, 2026 1:42:56 PM org.eclipse.lsp4j.jsonrpc.services.GenericEndpoint notify
INFO: Unsupported notification method: $/setTrace
2026.03.21 13:42:56 INFO  no build target found for C:\Users\Rifki\Personal\CollegeWorkspace\ChipDesign\Python\raytrace\src\test\scala\RayTracerTest.scala. Using presentation compiler with project's scala-library version: 3.3.7
Mar 21, 2026 1:43:00 PM org.eclipse.lsp4j.jsonrpc.services.GenericEndpoint notify
INFO: Unsupported notification method: $/setTrace
2026.03.21 13:43:00 INFO  no build target found for C:\Users\Rifki\Personal\CollegeWorkspace\ChipDesign\Python\raytrace\src\test\scala\RayTracerTest.scala. Using presentation compiler with project's scala-library version: 3.3.7
2026.03.21 14:08:36 INFO  no build target found for C:\Users\Rifki\Personal\CollegeWorkspace\ChipDesign\Python\raytrace\src\test\scala\RayTracerTest.scala. Using presentation compiler with project's scala-library version: 3.3.7
2026.03.21 14:08:57 INFO  no build target found for C:\Users\Rifki\Personal\CollegeWorkspace\ChipDesign\Python\raytrace\src\test\scala\RayTracerTest.scala. Using presentation compiler with project's scala-library version: 3.3.7
2026.03.21 14:09:00 INFO  no build target found for C:\Users\Rifki\Personal\CollegeWorkspace\ChipDesign\Python\raytrace\src\test\scala\RayTracerTest.scala. Using presentation compiler with project's scala-library version: 3.3.7
2026.03.21 14:09:03 INFO  no build target found for C:\Users\Rifki\Personal\CollegeWorkspace\ChipDesign\Python\raytrace\src\test\scala\RayTracerTest.scala. Using presentation compiler with project's scala-library version: 3.3.7
2026.03.21 14:09:03 INFO  no build target found for C:\Users\Rifki\Personal\CollegeWorkspace\ChipDesign\Python\raytrace\src\test\scala\RayTracerTest.scala. Using presentation compiler with project's scala-library version: 3.3.7
2026.03.21 14:09:04 INFO  no build target found for C:\Users\Rifki\Personal\CollegeWorkspace\ChipDesign\Python\raytrace\src\test\scala\RayTracerTest.scala. Using presentation compiler with project's scala-library version: 3.3.7
2026.03.21 14:09:04 INFO  no build target found for C:\Users\Rifki\Personal\CollegeWorkspace\ChipDesign\Python\raytrace\src\test\scala\RayTracerTest.scala. Using presentation compiler with project's scala-library version: 3.3.7
2026.03.21 14:09:06 INFO  no build target found for C:\Users\Rifki\Personal\CollegeWorkspace\ChipDesign\Python\raytrace\src\test\scala\RayTracerTest.scala. Using presentation compiler with project's scala-library version: 3.3.7
Mar 21, 2026 2:09:06 PM org.eclipse.lsp4j.jsonrpc.RemoteEndpoint handleCancellation
WARNING: Unmatched cancel notification for request id 268
2026.03.21 14:09:06 INFO  no build target found for C:\Users\Rifki\Personal\CollegeWorkspace\ChipDesign\Python\raytrace\src\test\scala\RayTracerTest.scala. Using presentation compiler with project's scala-library version: 3.3.7
2026.03.21 14:09:06 INFO  no build target found for C:\Users\Rifki\Personal\CollegeWorkspace\ChipDesign\Python\raytrace\src\test\scala\RayTracerTest.scala. Using presentation compiler with project's scala-library version: 3.3.7
2026.03.21 14:09:15 INFO  no build target found for C:\Users\Rifki\Personal\CollegeWorkspace\ChipDesign\Python\raytrace\src\test\scala\RayTracerTest.scala. Using presentation compiler with project's scala-library version: 3.3.7
2026.03.21 14:09:15 INFO  no build target found for C:\Users\Rifki\Personal\CollegeWorkspace\ChipDesign\Python\raytrace\src\test\scala\RayTracerTest.scala. Using presentation compiler with project's scala-library version: 3.3.7
2026.03.21 14:09:17 INFO  no build target found for C:\Users\Rifki\Personal\CollegeWorkspace\ChipDesign\Python\raytrace\src\test\scala\RayTracerTest.scala. Using presentation compiler with project's scala-library version: 3.3.7
2026.03.21 14:09:18 INFO  no build target found for C:\Users\Rifki\Personal\CollegeWorkspace\ChipDesign\Python\raytrace\src\test\scala\RayTracerTest.scala. Using presentation compiler with project's scala-library version: 3.3.7
2026.03.21 14:10:09 INFO  no build target found for C:\Users\Rifki\Personal\CollegeWorkspace\ChipDesign\Python\raytrace\src\main\scala\RayTrace.scala. Using presentation compiler with project's scala-library version: 3.3.7
2026.03.21 14:10:09 WARN  no build target for: C:\Users\Rifki\Personal\CollegeWorkspace\ChipDesign\Python\raytrace\src\main\scala\RayTrace.scalaMar 21, 2026 2:10:09 PM org.eclipse.lsp4j.jsonrpc.RemoteEndpoint handleCancellation
WARNING: Unmatched cancel notification for request id 308

2026.03.21 14:10:09 INFO  no build target found for C:\Users\Rifki\Personal\CollegeWorkspace\ChipDesign\Python\raytrace\src\main\scala\RayTrace.scala. Using presentation compiler with project's scala-library version: 3.3.7
2026.03.21 14:10:09 INFO  no build target found for C:\Users\Rifki\Personal\CollegeWorkspace\ChipDesign\Python\raytrace\src\main\scala\RayTrace.scala. Using presentation compiler with project's scala-library version: 3.3.7
Mar 21, 2026 2:10:09 PM org.eclipse.lsp4j.jsonrpc.RemoteEndpoint handleCancellation
WARNING: Unmatched cancel notification for request id 310
2026.03.21 14:10:09 INFO  no build target found for C:\Users\Rifki\Personal\CollegeWorkspace\ChipDesign\Python\raytrace\src\main\scala\RayTrace.scala. Using presentation compiler with project's scala-library version: 3.3.7
2026.03.21 14:10:09 INFO  no build target found for C:\Users\Rifki\Personal\CollegeWorkspace\ChipDesign\Python\raytrace\src\main\scala\RayTrace.scala. Using presentation compiler with project's scala-library version: 3.3.7
2026.03.21 14:10:14 INFO  no build target found for C:\Users\Rifki\Personal\CollegeWorkspace\ChipDesign\Python\raytrace\src\main\scala\RayTrace.scala. Using presentation compiler with project's scala-library version: 3.3.7
2026.03.21 14:10:16 INFO  no build target found for C:\Users\Rifki\Personal\CollegeWorkspace\ChipDesign\Python\raytrace\src\main\scala\RayTrace.scala. Using presentation compiler with project's scala-library version: 3.3.7
2026.03.21 14:10:18 INFO  no build target found for C:\Users\Rifki\Personal\CollegeWorkspace\ChipDesign\Python\raytrace\src\main\scala\RayTrace.scala. Using presentation compiler with project's scala-library version: 3.3.7
Mar 21, 2026 2:10:18 PM org.eclipse.lsp4j.jsonrpc.RemoteEndpoint handleCancellation
WARNING: Unmatched cancel notification for request id 325
2026.03.21 14:10:18 INFO  no build target found for C:\Users\Rifki\Personal\CollegeWorkspace\ChipDesign\Python\raytrace\src\main\scala\RayTrace.scala. Using presentation compiler with project's scala-library version: 3.3.7
2026.03.21 14:10:22 INFO  no build target found for C:\Users\Rifki\Personal\CollegeWorkspace\ChipDesign\Python\raytrace\src\main\scala\RayTrace.scala. Using presentation compiler with project's scala-library version: 3.3.7
2026.03.21 14:10:23 INFO  no build target found for C:\Users\Rifki\Personal\CollegeWorkspace\ChipDesign\Python\raytrace\src\main\scala\RayTrace.scala. Using presentation compiler with project's scala-library version: 3.3.7
2026.03.21 14:10:25 INFO  no build target found for C:\Users\Rifki\Personal\CollegeWorkspace\ChipDesign\Python\raytrace\src\main\scala\RayTrace.scala. Using presentation compiler with project's scala-library version: 3.3.7
2026.03.21 14:10:25 INFO  no build target found for C:\Users\Rifki\Personal\CollegeWorkspace\ChipDesign\Python\raytrace\src\main\scala\RayTrace.scala. Using presentation compiler with project's scala-library version: 3.3.7
2026.03.21 14:10:25 INFO  no build target found for C:\Users\Rifki\Personal\CollegeWorkspace\ChipDesign\Python\raytrace\src\main\scala\RayTrace.scala. Using presentation compiler with project's scala-library version: 3.3.7
2026.03.21 14:10:25 INFO  no build target found for C:\Users\Rifki\Personal\CollegeWorkspace\ChipDesign\Python\raytrace\src\main\scala\RayTrace.scala. Using presentation compiler with project's scala-library version: 3.3.7
2026.03.21 14:10:32 INFO  no build target found for C:\Users\Rifki\Personal\CollegeWorkspace\ChipDesign\Python\raytrace\src\main\scala\RayTrace.scala. Using presentation compiler with project's scala-library version: 3.3.7
2026.03.21 14:10:32 INFO  no build target found for C:\Users\Rifki\Personal\CollegeWorkspace\ChipDesign\Python\raytrace\src\main\scala\RayTrace.scala. Using presentation compiler with project's scala-library version: 3.3.7
2026.03.21 14:10:32 INFO  no build target found for C:\Users\Rifki\Personal\CollegeWorkspace\ChipDesign\Python\raytrace\src\main\scala\RayTrace.scala. Using presentation compiler with project's scala-library version: 3.3.7
2026.03.21 14:10:32 INFO  no build target found for C:\Users\Rifki\Personal\CollegeWorkspace\ChipDesign\Python\raytrace\src\main\scala\RayTrace.scala. Using presentation compiler with project's scala-library version: 3.3.7
2026.03.21 14:10:32 INFO  no build target found for C:\Users\Rifki\Personal\CollegeWorkspace\ChipDesign\Python\raytrace\src\main\scala\RayTrace.scala. Using presentation compiler with project's scala-library version: 3.3.7
2026.03.21 14:10:33 INFO  no build target found for C:\Users\Rifki\Personal\CollegeWorkspace\ChipDesign\Python\raytrace\src\main\scala\RayTrace.scala. Using presentation compiler with project's scala-library version: 3.3.7
2026.03.21 14:10:33 INFO  no build target found for C:\Users\Rifki\Personal\CollegeWorkspace\ChipDesign\Python\raytrace\src\main\scala\RayTrace.scala. Using presentation compiler with project's scala-library version: 3.3.7
2026.03.21 14:10:33 INFO  no build target found for C:\Users\Rifki\Personal\CollegeWorkspace\ChipDesign\Python\raytrace\src\main\scala\RayTrace.scala. Using presentation compiler with project's scala-library version: 3.3.7
2026.03.21 14:10:33 INFO  no build target found for C:\Users\Rifki\Personal\CollegeWorkspace\ChipDesign\Python\raytrace\src\main\scala\RayTrace.scala. Using presentation compiler with project's scala-library version: 3.3.7
2026.03.21 14:10:34 INFO  no build target found for C:\Users\Rifki\Personal\CollegeWorkspace\ChipDesign\Python\raytrace\src\main\scala\RayTrace.scala. Using presentation compiler with project's scala-library version: 3.3.7
2026.03.21 14:10:33 INFO  no build target found for C:\Users\Rifki\Personal\CollegeWorkspace\ChipDesign\Python\raytrace\src\main\scala\RayTrace.scala. Using presentation compiler with project's scala-library version: 3.3.7
2026.03.21 14:10:33 INFO  no build target found for C:\Users\Rifki\Personal\CollegeWorkspace\ChipDesign\Python\raytrace\src\main\scala\RayTrace.scala. Using presentation compiler with project's scala-library version: 3.3.7
2026.03.21 14:10:34 INFO  no build target found for C:\Users\Rifki\Personal\CollegeWorkspace\ChipDesign\Python\raytrace\src\main\scala\RayTrace.scala. Using presentation compiler with project's scala-library version: 3.3.7
2026.03.21 14:10:34 INFO  no build target found for C:\Users\Rifki\Personal\CollegeWorkspace\ChipDesign\Python\raytrace\src\main\scala\RayTrace.scala. Using presentation compiler with project's scala-library version: 3.3.7
2026.03.21 14:10:34 WARN  no build target for: C:\Users\Rifki\Personal\CollegeWorkspace\ChipDesign\Python\raytrace\src\main\scala\RayTrace.scala
2026.03.21 14:10:34 INFO  no build target found for C:\Users\Rifki\Personal\CollegeWorkspace\ChipDesign\Python\raytrace\src\main\scala\RayTrace.scala. Using presentation compiler with project's scala-library version: 3.3.7
2026.03.21 14:10:34 INFO  no build target found for C:\Users\Rifki\Personal\CollegeWorkspace\ChipDesign\Python\raytrace\src\main\scala\RayTrace.scala. Using presentation compiler with project's scala-library version: 3.3.7
2026.03.21 14:10:35 INFO  no build target found for C:\Users\Rifki\Personal\CollegeWorkspace\ChipDesign\Python\raytrace\src\main\scala\RayTrace.scala. Using presentation compiler with project's scala-library version: 3.3.7
2026.03.21 14:10:34 INFO  no build target found for C:\Users\Rifki\Personal\CollegeWorkspace\ChipDesign\Python\raytrace\src\main\scala\RayTrace.scala. Using presentation compiler with project's scala-library version: 3.3.7
2026.03.21 14:12:01 INFO  no build target found for C:\Users\Rifki\Personal\CollegeWorkspace\ChipDesign\Python\raytrace\src\test\scala\RayTracerTest.scala. Using presentation compiler with project's scala-library version: 3.3.7
2026.03.21 14:12:01 WARN  no build target for: C:\Users\Rifki\Personal\CollegeWorkspace\ChipDesign\Python\raytrace\src\test\scala\RayTracerTest.scala
Mar 21, 2026 2:12:01 PM org.eclipse.lsp4j.jsonrpc.RemoteEndpoint handleCancellation
WARNING: Unmatched cancel notification for request id 399
2026.03.21 14:12:01 INFO  no build target found for C:\Users\Rifki\Personal\CollegeWorkspace\ChipDesign\Python\raytrace\src\test\scala\RayTracerTest.scala. Using presentation compiler with project's scala-library version: 3.3.7
2026.03.21 14:12:01 INFO  no build target found for C:\Users\Rifki\Personal\CollegeWorkspace\ChipDesign\Python\raytrace\src\test\scala\RayTracerTest.scala. Using presentation compiler with project's scala-library version: 3.3.7
2026.03.21 14:12:01 INFO  no build target found for C:\Users\Rifki\Personal\CollegeWorkspace\ChipDesign\Python\raytrace\src\test\scala\RayTracerTest.scala. Using presentation compiler with project's scala-library version: 3.3.7
Mar 21, 2026 2:12:01 PM org.eclipse.lsp4j.jsonrpc.RemoteEndpoint handleCancellation
WARNING: Unmatched cancel notification for request id 401
2026.03.21 14:12:01 INFO  no build target found for C:\Users\Rifki\Personal\CollegeWorkspace\ChipDesign\Python\raytrace\src\test\scala\RayTracerTest.scala. Using presentation compiler with project's scala-library version: 3.3.7
2026.03.21 14:12:01 INFO  no build target found for C:\Users\Rifki\Personal\CollegeWorkspace\ChipDesign\Python\raytrace\src\test\scala\RayTracerTest.scala. Using presentation compiler with project's scala-library version: 3.3.7
Mar 21, 2026 2:12:01 PM org.eclipse.lsp4j.jsonrpc.RemoteEndpoint handleCancellation
WARNING: Unmatched cancel notification for request id 406
2026.03.21 14:12:01 INFO  no build target found for C:\Users\Rifki\Personal\CollegeWorkspace\ChipDesign\Python\raytrace\src\test\scala\RayTracerTest.scala. Using presentation compiler with project's scala-library version: 3.3.7
2026.03.21 14:12:01 INFO  no build target found for C:\Users\Rifki\Personal\CollegeWorkspace\ChipDesign\Python\raytrace\src\test\scala\RayTracerTest.scala. Using presentation compiler with project's scala-library version: 3.3.7
2026.03.21 14:12:01 INFO  no build target found for C:\Users\Rifki\Personal\CollegeWorkspace\ChipDesign\Python\raytrace\src\test\scala\RayTracerTest.scala. Using presentation compiler with project's scala-library version: 3.3.7
2026.03.21 14:12:01 INFO  no build target found for C:\Users\Rifki\Personal\CollegeWorkspace\ChipDesign\Python\raytrace\src\test\scala\RayTracerTest.scala. Using presentation compiler with project's scala-library version: 3.3.7
Mar 21, 2026 2:12:01 PM org.eclipse.lsp4j.jsonrpc.RemoteEndpoint handleCancellation
WARNING: Unmatched cancel notification for request id 409
2026.03.21 14:12:01 INFO  no build target found for C:\Users\Rifki\Personal\CollegeWorkspace\ChipDesign\Python\raytrace\src\test\scala\RayTracerTest.scala. Using presentation compiler with project's scala-library version: 3.3.7
2026.03.21 14:12:01 INFO  no build target found for C:\Users\Rifki\Personal\CollegeWorkspace\ChipDesign\Python\raytrace\src\test\scala\RayTracerTest.scala. Using presentation compiler with project's scala-library version: 3.3.7
2026.03.21 14:12:01 INFO  no build target found for C:\Users\Rifki\Personal\CollegeWorkspace\ChipDesign\Python\raytrace\src\test\scala\RayTracerTest.scala. Using presentation compiler with project's scala-library version: 3.3.7
2026.03.21 14:12:01 INFO  no build target found for C:\Users\Rifki\Personal\CollegeWorkspace\ChipDesign\Python\raytrace\src\test\scala\RayTracerTest.scala. Using presentation compiler with project's scala-library version: 3.3.7
Mar 21, 2026 2:12:02 PM org.eclipse.lsp4j.jsonrpc.RemoteEndpoint handleCancellation
WARNING: Unmatched cancel notification for request id 414
Mar 21, 2026 2:12:02 PM org.eclipse.lsp4j.jsonrpc.RemoteEndpoint handleCancellation
WARNING: Unmatched cancel notification for request id 410
2026.03.21 14:12:01 INFO  no build target found for C:\Users\Rifki\Personal\CollegeWorkspace\ChipDesign\Python\raytrace\src\test\scala\RayTracerTest.scala. Using presentation compiler with project's scala-library version: 3.3.7
2026.03.21 14:12:02 INFO  no build target found for C:\Users\Rifki\Personal\CollegeWorkspace\ChipDesign\Python\raytrace\src\test\scala\RayTracerTest.scala. Using presentation compiler with project's scala-library version: 3.3.7
2026.03.21 14:12:02 WARN  no build target for: C:\Users\Rifki\Personal\CollegeWorkspace\ChipDesign\Python\raytrace\src\test\scala\RayTracerTest.scala
2026.03.21 14:12:02 INFO  no build target found for C:\Users\Rifki\Personal\CollegeWorkspace\ChipDesign\Python\raytrace\src\test\scala\RayTracerTest.scala. Using presentation compiler with project's scala-library version: 3.3.7
2026.03.21 14:12:02 INFO  Created report: Optional[file:///C:/Users/Rifki/Personal/CollegeWorkspace/ChipDesign/Python/raytrace/src/test/scala/RayTracerTest.scala]
2026.03.21 14:12:02 INFO  empty definition using pc, found symbol in pc:  (full report at: "C:\Users\Rifki\Personal\CollegeWorkspace\ChipDesign\Python\raytrace\.metals\.reports\metals-full\2026-03-21\r_empty-definition_14-12-02-310.md")
2026.03.21 14:12:13 INFO  no build target found for C:\Users\Rifki\Personal\CollegeWorkspace\ChipDesign\Python\raytrace\src\test\scala\RayTracerTest.scala. Using presentation compiler with project's scala-library version: 3.3.7
2026.03.21 14:12:13 INFO  no build target found for C:\Users\Rifki\Personal\CollegeWorkspace\ChipDesign\Python\raytrace\src\test\scala\RayTracerTest.scala. Using presentation compiler with project's scala-library version: 3.3.7
2026.03.21 14:12:13 INFO  no build target found for C:\Users\Rifki\Personal\CollegeWorkspace\ChipDesign\Python\raytrace\src\test\scala\RayTracerTest.scala. Using presentation compiler with project's scala-library version: 3.3.7
2026.03.21 14:12:13 INFO  no build target found for C:\Users\Rifki\Personal\CollegeWorkspace\ChipDesign\Python\raytrace\src\test\scala\RayTracerTest.scala. Using presentation compiler with project's scala-library version: 3.3.7
2026.03.21 14:12:15 INFO  no build target found for C:\Users\Rifki\Personal\CollegeWorkspace\ChipDesign\Python\raytrace\src\test\scala\RayTracerTest.scala. Using presentation compiler with project's scala-library version: 3.3.7
2026.03.21 14:12:16 INFO  no build target found for C:\Users\Rifki\Personal\CollegeWorkspace\ChipDesign\Python\raytrace\src\test\scala\RayTracerTest.scala. Using presentation compiler with project's scala-library version: 3.3.7
2026.03.21 14:12:34 INFO  no build target found for C:\Users\Rifki\Personal\CollegeWorkspace\ChipDesign\Python\raytrace\build.sbt. Using presentation compiler with project's scala-library version: 3.3.7
2026.03.21 14:12:34 WARN  no build target for: C:\Users\Rifki\Personal\CollegeWorkspace\ChipDesign\Python\raytrace\build.sbt
Mar 21, 2026 2:12:34 PM org.eclipse.lsp4j.jsonrpc.RemoteEndpoint handleCancellation
WARNING: Unmatched cancel notification for request id 445
2026.03.21 14:12:34 INFO  no build target found for C:\Users\Rifki\Personal\CollegeWorkspace\ChipDesign\Python\raytrace\build.sbt. Using presentation compiler with project's scala-library version: 3.3.7
2026.03.21 14:12:34 INFO  no build target found for C:\Users\Rifki\Personal\CollegeWorkspace\ChipDesign\Python\raytrace\build.sbt. Using presentation compiler with project's scala-library version: 3.3.7
2026.03.21 14:12:34 INFO  no build target found for C:\Users\Rifki\Personal\CollegeWorkspace\ChipDesign\Python\raytrace\build.sbt. Using presentation compiler with project's scala-library version: 3.3.7
2026.03.21 14:12:34 WARN  Could not find semantic tokens for: file:///C:/Users/Rifki/Personal/CollegeWorkspace/ChipDesign/Python/raytrace/build.sbt
2026.03.21 14:12:45 INFO  no build target found for C:\Users\Rifki\Personal\CollegeWorkspace\ChipDesign\Python\raytrace\build.sbt. Using presentation compiler with project's scala-library version: 3.3.7
2026.03.21 14:12:49 INFO  no build target found for C:\Users\Rifki\Personal\CollegeWorkspace\ChipDesign\Python\raytrace\build.sbt. Using presentation compiler with project's scala-library version: 3.3.7
2026.03.21 14:12:49 INFO  no build target found for C:\Users\Rifki\Personal\CollegeWorkspace\ChipDesign\Python\raytrace\build.sbt. Using presentation compiler with project's scala-library version: 3.3.7
2026.03.21 14:12:49 INFO  no build target found for C:\Users\Rifki\Personal\CollegeWorkspace\ChipDesign\Python\raytrace\build.sbt. Using presentation compiler with project's scala-library version: 3.3.7
2026.03.21 14:12:49 INFO  no build target found for C:\Users\Rifki\Personal\CollegeWorkspace\ChipDesign\Python\raytrace\build.sbt. Using presentation compiler with project's scala-library version: 3.3.7
2026.03.21 14:12:49 INFO  no build target found for C:\Users\Rifki\Personal\CollegeWorkspace\ChipDesign\Python\raytrace\build.sbt. Using presentation compiler with project's scala-library version: 3.3.7
2026.03.21 14:12:49 INFO  no build target found for C:\Users\Rifki\Personal\CollegeWorkspace\ChipDesign\Python\raytrace\build.sbt. Using presentation compiler with project's scala-library version: 3.3.7
2026.03.21 14:12:50 INFO  no build target found for C:\Users\Rifki\Personal\CollegeWorkspace\ChipDesign\Python\raytrace\build.sbt. Using presentation compiler with project's scala-library version: 3.3.7
2026.03.21 14:12:50 INFO  no build target found for C:\Users\Rifki\Personal\CollegeWorkspace\ChipDesign\Python\raytrace\build.sbt. Using presentation compiler with project's scala-library version: 3.3.7
2026.03.21 14:12:50 INFO  no build target found for C:\Users\Rifki\Personal\CollegeWorkspace\ChipDesign\Python\raytrace\build.sbt. Using presentation compiler with project's scala-library version: 3.3.7
2026.03.21 14:12:50 INFO  no build target found for C:\Users\Rifki\Personal\CollegeWorkspace\ChipDesign\Python\raytrace\build.sbt. Using presentation compiler with project's scala-library version: 3.3.7
2026.03.21 14:12:50 INFO  no build target found for C:\Users\Rifki\Personal\CollegeWorkspace\ChipDesign\Python\raytrace\build.sbt. Using presentation compiler with project's scala-library version: 3.3.7
2026.03.21 14:12:50 INFO  no build target found for C:\Users\Rifki\Personal\CollegeWorkspace\ChipDesign\Python\raytrace\build.sbt. Using presentation compiler with project's scala-library version: 3.3.7
2026.03.21 14:12:50 INFO  no build target found for C:\Users\Rifki\Personal\CollegeWorkspace\ChipDesign\Python\raytrace\build.sbt. Using presentation compiler with project's scala-library version: 3.3.7
2026.03.21 14:12:50 INFO  no build target found for C:\Users\Rifki\Personal\CollegeWorkspace\ChipDesign\Python\raytrace\build.sbt. Using presentation compiler with project's scala-library version: 3.3.7
2026.03.21 14:12:50 INFO  no build target found for C:\Users\Rifki\Personal\CollegeWorkspace\ChipDesign\Python\raytrace\build.sbt. Using presentation compiler with project's scala-library version: 3.3.7
2026.03.21 14:12:50 WARN  no build target for: C:\Users\Rifki\Personal\CollegeWorkspace\ChipDesign\Python\raytrace\build.sbt
2026.03.21 14:12:50 INFO  no build target found for C:\Users\Rifki\Personal\CollegeWorkspace\ChipDesign\Python\raytrace\build.sbt. Using presentation compiler with project's scala-library version: 3.3.7
2026.03.21 14:12:50 INFO  no build target found for C:\Users\Rifki\Personal\CollegeWorkspace\ChipDesign\Python\raytrace\build.sbt. Using presentation compiler with project's scala-library version: 3.3.7
2026.03.21 14:12:50 INFO  no build target found for C:\Users\Rifki\Personal\CollegeWorkspace\ChipDesign\Python\raytrace\build.sbt. Using presentation compiler with project's scala-library version: 3.3.7
2026.03.21 14:12:50 INFO  no build target found for C:\Users\Rifki\Personal\CollegeWorkspace\ChipDesign\Python\raytrace\build.sbt. Using presentation compiler with project's scala-library version: 3.3.7
2026.03.21 14:13:41 INFO  no build target found for C:\Users\Rifki\Personal\CollegeWorkspace\ChipDesign\Python\raytrace\build.sbt. Using presentation compiler with project's scala-library version: 3.3.7
2026.03.21 14:13:43 INFO  no build target found for C:\Users\Rifki\Personal\CollegeWorkspace\ChipDesign\Python\raytrace\build.sbt. Using presentation compiler with project's scala-library version: 3.3.7
2026.03.21 14:13:43 INFO  no build target found for C:\Users\Rifki\Personal\CollegeWorkspace\ChipDesign\Python\raytrace\build.sbt. Using presentation compiler with project's scala-library version: 3.3.7
2026.03.21 14:13:43 INFO  no build target found for C:\Users\Rifki\Personal\CollegeWorkspace\ChipDesign\Python\raytrace\build.sbt. Using presentation compiler with project's scala-library version: 3.3.7
Mar 21, 2026 2:13:43 PM org.eclipse.lsp4j.jsonrpc.RemoteEndpoint handleCancellation
WARNING: Unmatched cancel notification for request id 484
2026.03.21 14:13:43 INFO  no build target found for C:\Users\Rifki\Personal\CollegeWorkspace\ChipDesign\Python\raytrace\build.sbt. Using presentation compiler with project's scala-library version: 3.3.7
2026.03.21 14:13:44 INFO  no build target found for C:\Users\Rifki\Personal\CollegeWorkspace\ChipDesign\Python\raytrace\build.sbt. Using presentation compiler with project's scala-library version: 3.3.7
2026.03.21 14:14:44 INFO  no build target found for C:\Users\Rifki\Personal\CollegeWorkspace\ChipDesign\Python\raytrace\build.sbt. Using presentation compiler with project's scala-library version: 3.3.7
2026.03.21 14:14:44 WARN  no build target for: C:\Users\Rifki\Personal\CollegeWorkspace\ChipDesign\Python\raytrace\build.sbt
2026.03.21 14:14:45 INFO  no build target found for C:\Users\Rifki\Personal\CollegeWorkspace\ChipDesign\Python\raytrace\build.sbt. Using presentation compiler with project's scala-library version: 3.3.7
Mar 21, 2026 2:14:45 PM org.eclipse.lsp4j.jsonrpc.RemoteEndpoint handleCancellation
WARNING: Unmatched cancel notification for request id 492
Mar 21, 2026 2:14:46 PM org.eclipse.lsp4j.jsonrpc.RemoteEndpoint handleCancellation
WARNING: Unmatched cancel notification for request id 494
2026.03.21 14:14:46 INFO  no build target found for C:\Users\Rifki\Personal\CollegeWorkspace\ChipDesign\Python\raytrace\build.sbt. Using presentation compiler with project's scala-library version: 3.3.7
2026.03.21 14:14:47 INFO  no build target found for C:\Users\Rifki\Personal\CollegeWorkspace\ChipDesign\Python\raytrace\build.sbt. Using presentation compiler with project's scala-library version: 3.3.7
2026.03.21 14:14:49 INFO  no build target found for C:\Users\Rifki\Personal\CollegeWorkspace\ChipDesign\Python\raytrace\build.sbt. Using presentation compiler with project's scala-library version: 3.3.7
2026.03.21 14:15:01 INFO  no build target found for C:\Users\Rifki\Personal\CollegeWorkspace\ChipDesign\Python\raytrace\src\main\scala\RayTrace.scala. Using presentation compiler with project's scala-library version: 3.3.7
2026.03.21 14:17:06 INFO  no build target found for C:\Users\Rifki\Personal\CollegeWorkspace\ChipDesign\Python\raytrace\src\test\scala\RayTracerTest.scala. Using presentation compiler with project's scala-library version: 3.3.7
Mar 21, 2026 2:17:07 PM org.eclipse.lsp4j.jsonrpc.RemoteEndpoint handleCancellation
WARNING: Unmatched cancel notification for request id 501
2026.03.21 14:17:08 WARN  no build target for: C:\Users\Rifki\Personal\CollegeWorkspace\ChipDesign\Python\raytrace\src\test\scala\RayTracerTest.scala
2026.03.21 14:17:09 INFO  no build target found for C:\Users\Rifki\Personal\CollegeWorkspace\ChipDesign\Python\raytrace\src\test\scala\RayTracerTest.scala. Using presentation compiler with project's scala-library version: 3.3.7
2026.03.21 14:17:09 INFO  no build target found for C:\Users\Rifki\Personal\CollegeWorkspace\ChipDesign\Python\raytrace\src\test\scala\RayTracerTest.scala. Using presentation compiler with project's scala-library version: 3.3.7
2026.03.21 14:17:10 INFO  no build target found for C:\Users\Rifki\Personal\CollegeWorkspace\ChipDesign\Python\raytrace\src\test\scala\RayTracerTest.scala. Using presentation compiler with project's scala-library version: 3.3.7
2026.03.21 14:17:11 INFO  no build target found for C:\Users\Rifki\Personal\CollegeWorkspace\ChipDesign\Python\raytrace\src\test\scala\RayTracerTest.scala. Using presentation compiler with project's scala-library version: 3.3.7
Mar 21, 2026 2:17:13 PM org.eclipse.lsp4j.jsonrpc.RemoteEndpoint handleCancellation
WARNING: Unmatched cancel notification for request id 503
Mar 21, 2026 2:17:14 PM org.eclipse.lsp4j.jsonrpc.RemoteEndpoint handleCancellation
WARNING: Unmatched cancel notification for request id 504
Mar 21, 2026 2:17:15 PM org.eclipse.lsp4j.jsonrpc.RemoteEndpoint handleCancellation
WARNING: Unmatched cancel notification for request id 507
Mar 21, 2026 2:17:16 PM org.eclipse.lsp4j.jsonrpc.RemoteEndpoint handleCancellation
WARNING: Unmatched cancel notification for request id 505
Mar 21, 2026 2:17:18 PM org.eclipse.lsp4j.jsonrpc.RemoteEndpoint handleCancellation
WARNING: Unmatched cancel notification for request id 502
2026.03.21 14:17:24 INFO  no build target found for C:\Users\Rifki\Personal\CollegeWorkspace\ChipDesign\Python\raytrace\src\main\scala\RayTrace.scala. Using presentation compiler with project's scala-library version: 3.3.7
2026.03.21 14:17:26 WARN  no build target for: C:\Users\Rifki\Personal\CollegeWorkspace\ChipDesign\Python\raytrace\src\main\scala\RayTrace.scala
Mar 21, 2026 2:17:34 PM org.eclipse.lsp4j.jsonrpc.RemoteEndpoint handleCancellation
WARNING: Unmatched cancel notification for request id 510
2026.03.21 14:17:39 INFO  no build target found for C:\Users\Rifki\Personal\CollegeWorkspace\ChipDesign\Python\raytrace\src\main\scala\RayTrace.scala. Using presentation compiler with project's scala-library version: 3.3.7
2026.03.21 14:17:41 INFO  no build target found for C:\Users\Rifki\Personal\CollegeWorkspace\ChipDesign\Python\raytrace\src\main\scala\RayTrace.scala. Using presentation compiler with project's scala-library version: 3.3.7
2026.03.21 14:17:43 INFO  no build target found for C:\Users\Rifki\Personal\CollegeWorkspace\ChipDesign\Python\raytrace\src\main\scala\RayTrace.scala. Using presentation compiler with project's scala-library version: 3.3.7
Mar 21, 2026 2:17:47 PM org.eclipse.lsp4j.jsonrpc.RemoteEndpoint handleCancellation
WARNING: Unmatched cancel notification for request id 513
Mar 21, 2026 2:17:49 PM org.eclipse.lsp4j.jsonrpc.RemoteEndpoint handleCancellation
WARNING: Unmatched cancel notification for request id 512
Mar 21, 2026 2:17:53 PM org.eclipse.lsp4j.jsonrpc.RemoteEndpoint handleCancellation
WARNING: Unmatched cancel notification for request id 519
Mar 21, 2026 2:17:54 PM org.eclipse.lsp4j.jsonrpc.RemoteEndpoint handleCancellation
WARNING: Unmatched cancel notification for request id 520
Mar 21, 2026 2:17:56 PM org.eclipse.lsp4j.jsonrpc.RemoteEndpoint handleCancellation
WARNING: Unmatched cancel notification for request id 521
Mar 21, 2026 2:17:57 PM org.eclipse.lsp4j.jsonrpc.RemoteEndpoint handleCancellation
WARNING: Unmatched cancel notification for request id 522
Mar 21, 2026 2:18:00 PM org.eclipse.lsp4j.jsonrpc.RemoteEndpoint handleCancellation
WARNING: Unmatched cancel notification for request id 514
2026.03.21 14:18:01 INFO  no build target found for C:\Users\Rifki\Personal\CollegeWorkspace\ChipDesign\Python\raytrace\src\main\scala\RayTrace.scala. Using presentation compiler with project's scala-library version: 3.3.7
2026.03.21 14:18:01 INFO  no build target found for C:\Users\Rifki\Personal\CollegeWorkspace\ChipDesign\Python\raytrace\src\main\scala\RayTrace.scala. Using presentation compiler with project's scala-library version: 3.3.7
2026.03.21 14:18:03 INFO  no build target found for C:\Users\Rifki\Personal\CollegeWorkspace\ChipDesign\Python\raytrace\src\main\scala\RayTrace.scala. Using presentation compiler with project's scala-library version: 3.3.7
2026.03.21 14:18:03 INFO  no build target found for C:\Users\Rifki\Personal\CollegeWorkspace\ChipDesign\Python\raytrace\src\main\scala\RayTrace.scala. Using presentation compiler with project's scala-library version: 3.3.7
Mar 21, 2026 2:18:05 PM org.eclipse.lsp4j.jsonrpc.RemoteEndpoint handleCancellation
WARNING: Unmatched cancel notification for request id 524
Mar 21, 2026 2:18:06 PM org.eclipse.lsp4j.jsonrpc.RemoteEndpoint handleCancellation
WARNING: Unmatched cancel notification for request id 525
Mar 21, 2026 2:18:07 PM org.eclipse.lsp4j.jsonrpc.RemoteEndpoint handleCancellation
WARNING: Unmatched cancel notification for request id 527
2026.03.21 14:18:08 INFO  no build target found for C:\Users\Rifki\Personal\CollegeWorkspace\ChipDesign\Python\raytrace\src\main\scala\RayTrace.scala. Using presentation compiler with project's scala-library version: 3.3.7
Mar 21, 2026 2:18:10 PM org.eclipse.lsp4j.jsonrpc.RemoteEndpoint handleCancellation
WARNING: Unmatched cancel notification for request id 526
Mar 21, 2026 2:18:11 PM org.eclipse.lsp4j.jsonrpc.RemoteEndpoint handleCancellation
WARNING: Unmatched cancel notification for request id 528
2026.03.21 14:18:13 INFO  no build target found for C:\Users\Rifki\Personal\CollegeWorkspace\ChipDesign\Python\raytrace\src\main\scala\RayTrace.scala. Using presentation compiler with project's scala-library version: 3.3.7
2026.03.21 14:18:14 INFO  no build target found for C:\Users\Rifki\Personal\CollegeWorkspace\ChipDesign\Python\raytrace\src\main\scala\RayTrace.scala. Using presentation compiler with project's scala-library version: 3.3.7
2026.03.21 14:18:16 INFO  no build target found for C:\Users\Rifki\Personal\CollegeWorkspace\ChipDesign\Python\raytrace\src\main\scala\RayTrace.scala. Using presentation compiler with project's scala-library version: 3.3.7
2026.03.21 14:18:18 INFO  no build target found for C:\Users\Rifki\Personal\CollegeWorkspace\ChipDesign\Python\raytrace\src\main\scala\RayTrace.scala. Using presentation compiler with project's scala-library version: 3.3.7
2026.03.21 14:18:20 INFO  no build target found for C:\Users\Rifki\Personal\CollegeWorkspace\ChipDesign\Python\raytrace\src\main\scala\RayTrace.scala. Using presentation compiler with project's scala-library version: 3.3.7
Mar 21, 2026 2:18:22 PM org.eclipse.lsp4j.jsonrpc.RemoteEndpoint handleCancellation
WARNING: Unmatched cancel notification for request id 530
Mar 21, 2026 2:18:24 PM org.eclipse.lsp4j.jsonrpc.RemoteEndpoint handleCancellation
WARNING: Unmatched cancel notification for request id 531
Mar 21, 2026 2:18:26 PM org.eclipse.lsp4j.jsonrpc.RemoteEndpoint handleCancellation
WARNING: Unmatched cancel notification for request id 533
Mar 21, 2026 2:18:30 PM org.eclipse.lsp4j.jsonrpc.RemoteEndpoint handleCancellation
WARNING: Unmatched cancel notification for request id 532
Mar 21, 2026 2:18:31 PM org.eclipse.lsp4j.jsonrpc.RemoteEndpoint handleCancellation
WARNING: Unmatched cancel notification for request id 534
Mar 21, 2026 2:18:33 PM org.eclipse.lsp4j.jsonrpc.RemoteEndpoint handleCancellation
WARNING: Unmatched cancel notification for request id 523
Mar 21, 2026 2:18:35 PM org.eclipse.lsp4j.jsonrpc.RemoteEndpoint handleCancellation
WARNING: Unmatched cancel notification for request id 516
2026.03.21 14:18:37 INFO  no build target found for C:\Users\Rifki\Personal\CollegeWorkspace\ChipDesign\Python\raytrace\src\main\scala\RayTrace.scala. Using presentation compiler with project's scala-library version: 3.3.7
Mar 21, 2026 2:18:41 PM org.eclipse.lsp4j.jsonrpc.RemoteEndpoint handleCancellation
WARNING: Unmatched cancel notification for request id 511
Mar 21, 2026 2:18:50 PM org.eclipse.lsp4j.jsonrpc.RemoteEndpoint handleCancellation
WARNING: Unmatched cancel notification for request id 535
2026.03.21 14:19:05 INFO  no build target found for C:\Users\Rifki\Personal\CollegeWorkspace\ChipDesign\Python\raytrace\src\main\scala\RayTrace.scala. Using presentation compiler with project's scala-library version: 3.3.7
2026.03.21 14:19:08 INFO  no build target found for C:\Users\Rifki\Personal\CollegeWorkspace\ChipDesign\Python\raytrace\src\main\scala\RayTrace.scala. Using presentation compiler with project's scala-library version: 3.3.7
2026.03.21 14:19:11 INFO  no build target found for C:\Users\Rifki\Personal\CollegeWorkspace\ChipDesign\Python\raytrace\src\main\scala\RayTrace.scala. Using presentation compiler with project's scala-library version: 3.3.7
Mar 21, 2026 2:19:14 PM org.eclipse.lsp4j.jsonrpc.RemoteEndpoint handleCancellation
WARNING: Unmatched cancel notification for request id 542
2026.03.21 14:21:19 INFO  no build target found for C:\Users\Rifki\Personal\CollegeWorkspace\ChipDesign\Python\raytrace\src\main\scala\RayTrace.scala. Using presentation compiler with project's scala-library version: 3.3.7
Mar 21, 2026 2:21:21 PM org.eclipse.lsp4j.jsonrpc.RemoteEndpoint handleCancellation
WARNING: Unmatched cancel notification for request id 545
2026.03.21 14:21:25 INFO  no build target found for C:\Users\Rifki\Personal\CollegeWorkspace\ChipDesign\Python\raytrace\src\main\scala\RayTrace.scala. Using presentation compiler with project's scala-library version: 3.3.7
2026.03.21 14:21:27 INFO  no build target found for C:\Users\Rifki\Personal\CollegeWorkspace\ChipDesign\Python\raytrace\src\main\scala\RayTrace.scala. Using presentation compiler with project's scala-library version: 3.3.7
Mar 21, 2026 2:21:30 PM org.eclipse.lsp4j.jsonrpc.RemoteEndpoint handleCancellation
WARNING: Unmatched cancel notification for request id 546
2026.03.21 14:21:32 INFO  no build target found for C:\Users\Rifki\Personal\CollegeWorkspace\ChipDesign\Python\raytrace\src\main\scala\RayTrace.scala. Using presentation compiler with project's scala-library version: 3.3.7
2026.03.21 14:21:35 INFO  no build target found for C:\Users\Rifki\Personal\CollegeWorkspace\ChipDesign\Python\raytrace\src\main\scala\RayTrace.scala. Using presentation compiler with project's scala-library version: 3.3.7
2026.03.21 14:21:37 INFO  no build target found for C:\Users\Rifki\Personal\CollegeWorkspace\ChipDesign\Python\raytrace\src\main\scala\RayTrace.scala. Using presentation compiler with project's scala-library version: 3.3.7
Mar 21, 2026 2:21:38 PM org.eclipse.lsp4j.jsonrpc.RemoteEndpoint handleCancellation
WARNING: Unmatched cancel notification for request id 548
2026.03.21 14:21:41 INFO  no build target found for C:\Users\Rifki\Personal\CollegeWorkspace\ChipDesign\Python\raytrace\src\main\scala\RayTrace.scala. Using presentation compiler with project's scala-library version: 3.3.7
2026.03.21 14:21:41 INFO  no build target found for C:\Users\Rifki\Personal\CollegeWorkspace\ChipDesign\Python\raytrace\src\main\scala\RayTrace.scala. Using presentation compiler with project's scala-library version: 3.3.7
2026.03.21 14:21:44 INFO  no build target found for C:\Users\Rifki\Personal\CollegeWorkspace\ChipDesign\Python\raytrace\src\main\scala\RayTrace.scala. Using presentation compiler with project's scala-library version: 3.3.7
Mar 21, 2026 2:21:46 PM org.eclipse.lsp4j.jsonrpc.RemoteEndpoint handleCancellation
WARNING: Unmatched cancel notification for request id 550
2026.03.21 14:21:49 INFO  no build target found for C:\Users\Rifki\Personal\CollegeWorkspace\ChipDesign\Python\raytrace\src\main\scala\RayTrace.scala. Using presentation compiler with project's scala-library version: 3.3.7
Mar 21, 2026 2:21:50 PM org.eclipse.lsp4j.jsonrpc.RemoteEndpoint handleCancellation
WARNING: Unmatched cancel notification for request id 551
Mar 21, 2026 2:21:53 PM org.eclipse.lsp4j.jsonrpc.RemoteEndpoint handleCancellation
WARNING: Unmatched cancel notification for request id 552
2026.03.21 14:21:54 INFO  no build target found for C:\Users\Rifki\Personal\CollegeWorkspace\ChipDesign\Python\raytrace\src\main\scala\RayTrace.scala. Using presentation compiler with project's scala-library version: 3.3.7
Mar 21, 2026 2:21:58 PM org.eclipse.lsp4j.jsonrpc.RemoteEndpoint handleCancellation
WARNING: Unmatched cancel notification for request id 553
Mar 21, 2026 2:21:59 PM org.eclipse.lsp4j.jsonrpc.RemoteEndpoint handleCancellation
WARNING: Unmatched cancel notification for request id 554
2026.03.21 14:22:07 INFO  no build target found for C:\Users\Rifki\Personal\CollegeWorkspace\ChipDesign\Python\raytrace\src\main\scala\RayTrace.scala. Using presentation compiler with project's scala-library version: 3.3.7
2026.03.21 14:22:10 INFO  no build target found for C:\Users\Rifki\Personal\CollegeWorkspace\ChipDesign\Python\raytrace\src\main\scala\RayTrace.scala. Using presentation compiler with project's scala-library version: 3.3.7
2026.03.21 14:22:14 INFO  no build target found for C:\Users\Rifki\Personal\CollegeWorkspace\ChipDesign\Python\raytrace\src\main\scala\RayTrace.scala. Using presentation compiler with project's scala-library version: 3.3.7
2026.03.21 14:22:15 INFO  no build target found for C:\Users\Rifki\Personal\CollegeWorkspace\ChipDesign\Python\raytrace\src\main\scala\RayTrace.scala. Using presentation compiler with project's scala-library version: 3.3.7
Mar 21, 2026 2:22:17 PM org.eclipse.lsp4j.jsonrpc.RemoteEndpoint handleCancellation
WARNING: Unmatched cancel notification for request id 555
Mar 21, 2026 2:22:24 PM org.eclipse.lsp4j.jsonrpc.RemoteEndpoint handleCancellation
WARNING: Unmatched cancel notification for request id 558
Mar 21, 2026 2:22:29 PM org.eclipse.lsp4j.jsonrpc.RemoteEndpoint handleCancellation
WARNING: Unmatched cancel notification for request id 560
Mar 21, 2026 2:22:35 PM org.eclipse.lsp4j.jsonrpc.RemoteEndpoint handleCancellation
WARNING: Unmatched cancel notification for request id 561
Mar 21, 2026 2:22:40 PM org.eclipse.lsp4j.jsonrpc.RemoteEndpoint handleCancellation
WARNING: Unmatched cancel notification for request id 562
2026.03.21 14:22:45 INFO  no build target found for C:\Users\Rifki\Personal\CollegeWorkspace\ChipDesign\Python\raytrace\src\test\scala\RayTracerTest.scala. Using presentation compiler with project's scala-library version: 3.3.7
Mar 21, 2026 2:22:51 PM org.eclipse.lsp4j.jsonrpc.RemoteEndpoint handleCancellation
WARNING: Unmatched cancel notification for request id 563
Mar 21, 2026 2:22:57 PM org.eclipse.lsp4j.jsonrpc.RemoteEndpoint handleCancellation
WARNING: Unmatched cancel notification for request id 564
Mar 21, 2026 2:23:07 PM org.eclipse.lsp4j.jsonrpc.RemoteEndpoint handleCancellation
WARNING: Unmatched cancel notification for request id 565
Mar 21, 2026 2:23:24 PM org.eclipse.lsp4j.jsonrpc.RemoteEndpoint handleCancellation
WARNING: Unmatched cancel notification for request id 566
Mar 21, 2026 2:23:52 PM org.eclipse.lsp4j.jsonrpc.RemoteEndpoint handleCancellation
WARNING: Unmatched cancel notification for request id 569
2026.03.21 14:23:59 INFO  no build target found for C:\Users\Rifki\Personal\CollegeWorkspace\ChipDesign\Python\raytrace\src\main\scala\RayTrace.scala. Using presentation compiler with project's scala-library version: 3.3.7
Mar 21, 2026 2:24:10 PM org.eclipse.lsp4j.jsonrpc.RemoteEndpoint handleCancellation
WARNING: Unmatched cancel notification for request id 570
Mar 21, 2026 2:24:17 PM org.eclipse.lsp4j.jsonrpc.RemoteEndpoint handleCancellation
WARNING: Unmatched cancel notification for request id 571
Mar 21, 2026 2:24:37 PM org.eclipse.lsp4j.jsonrpc.RemoteEndpoint handleCancellation
WARNING: Unmatched cancel notification for request id 572
Mar 21, 2026 2:24:45 PM org.eclipse.lsp4j.jsonrpc.RemoteEndpoint handleCancellation
WARNING: Unmatched cancel notification for request id 573
Mar 21, 2026 2:24:53 PM org.eclipse.lsp4j.jsonrpc.RemoteEndpoint handleCancellation
WARNING: Unmatched cancel notification for request id 575
Mar 21, 2026 2:25:12 PM org.eclipse.lsp4j.jsonrpc.RemoteEndpoint handleCancellation
WARNING: Unmatched cancel notification for request id 576
2026.03.21 14:25:46 WARN  no build target for: C:\Users\Rifki\Personal\CollegeWorkspace\ChipDesign\Python\raytrace\src\main\scala\RayTrace.scala
Mar 21, 2026 2:25:53 PM org.eclipse.lsp4j.jsonrpc.RemoteEndpoint handleCancellation
WARNING: Unmatched cancel notification for request id 579
Mar 21, 2026 2:26:07 PM org.eclipse.lsp4j.jsonrpc.RemoteEndpoint handleCancellation
WARNING: Unmatched cancel notification for request id 580
2026.03.21 14:26:15 INFO  no build target found for C:\Users\Rifki\Personal\CollegeWorkspace\ChipDesign\Python\raytrace\src\test\scala\RayTracerTest.scala. Using presentation compiler with project's scala-library version: 3.3.7
2026.03.21 14:26:19 WARN  no build target for: C:\Users\Rifki\Personal\CollegeWorkspace\ChipDesign\Python\raytrace\src\test\scala\RayTracerTest.scala
Mar 21, 2026 2:26:22 PM org.eclipse.lsp4j.jsonrpc.RemoteEndpoint handleCancellation
WARNING: Unmatched cancel notification for request id 581
2026.03.21 14:26:28 INFO  no build target found for C:\Users\Rifki\Personal\CollegeWorkspace\ChipDesign\Python\raytrace\src\test\scala\RayTracerTest.scala. Using presentation compiler with project's scala-library version: 3.3.7
Mar 21, 2026 2:26:31 PM org.eclipse.lsp4j.jsonrpc.RemoteEndpoint handleCancellation
WARNING: Unmatched cancel notification for request id 582
Mar 21, 2026 2:26:34 PM org.eclipse.lsp4j.jsonrpc.RemoteEndpoint handleCancellation
WARNING: Unmatched cancel notification for request id 583
2026.03.21 14:26:37 INFO  no build target found for C:\Users\Rifki\Personal\CollegeWorkspace\ChipDesign\Python\raytrace\src\test\scala\RayTracerTest.scala. Using presentation compiler with project's scala-library version: 3.3.7
Mar 21, 2026 2:26:39 PM org.eclipse.lsp4j.jsonrpc.RemoteEndpoint handleCancellation
WARNING: Unmatched cancel notification for request id 584
2026.03.21 14:26:45 INFO  no build target found for C:\Users\Rifki\Personal\CollegeWorkspace\ChipDesign\Python\raytrace\src\test\scala\RayTracerTest.scala. Using presentation compiler with project's scala-library version: 3.3.7
Mar 21, 2026 2:26:48 PM org.eclipse.lsp4j.jsonrpc.RemoteEndpoint handleCancellation
WARNING: Unmatched cancel notification for request id 585
2026.03.21 14:26:50 INFO  no build target found for C:\Users\Rifki\Personal\CollegeWorkspace\ChipDesign\Python\raytrace\src\test\scala\RayTracerTest.scala. Using presentation compiler with project's scala-library version: 3.3.7
Mar 21, 2026 2:26:53 PM org.eclipse.lsp4j.jsonrpc.RemoteEndpoint handleCancellation
WARNING: Unmatched cancel notification for request id 586
2026.03.21 14:26:56 WARN  no build target for: C:\Users\Rifki\Personal\CollegeWorkspace\ChipDesign\Python\raytrace\src\main\scala\RayTrace.scala
Mar 21, 2026 2:26:59 PM org.eclipse.lsp4j.jsonrpc.RemoteEndpoint handleCancellation
WARNING: Unmatched cancel notification for request id 587
2026.03.21 14:27:02 INFO  no build target found for C:\Users\Rifki\Personal\CollegeWorkspace\ChipDesign\Python\raytrace\src\test\scala\RayTracerTest.scala. Using presentation compiler with project's scala-library version: 3.3.7
Mar 21, 2026 2:27:04 PM org.eclipse.lsp4j.jsonrpc.RemoteEndpoint handleCancellation
WARNING: Unmatched cancel notification for request id 588
2026.03.21 14:27:07 INFO  no build target found for C:\Users\Rifki\Personal\CollegeWorkspace\ChipDesign\Python\raytrace\src\test\scala\RayTracerTest.scala. Using presentation compiler with project's scala-library version: 3.3.7
2026.03.21 14:27:07 INFO  no build target found for C:\Users\Rifki\Personal\CollegeWorkspace\ChipDesign\Python\raytrace\src\test\scala\RayTracerTest.scala. Using presentation compiler with project's scala-library version: 3.3.7
2026.03.21 14:27:10 INFO  no build target found for C:\Users\Rifki\Personal\CollegeWorkspace\ChipDesign\Python\raytrace\src\test\scala\RayTracerTest.scala. Using presentation compiler with project's scala-library version: 3.3.7
Mar 21, 2026 2:27:13 PM org.eclipse.lsp4j.jsonrpc.RemoteEndpoint handleCancellation
WARNING: Unmatched cancel notification for request id 589
2026.03.21 14:27:16 INFO  no build target found for C:\Users\Rifki\Personal\CollegeWorkspace\ChipDesign\Python\raytrace\src\test\scala\RayTracerTest.scala. Using presentation compiler with project's scala-library version: 3.3.7
Mar 21, 2026 2:27:19 PM org.eclipse.lsp4j.jsonrpc.RemoteEndpoint handleCancellation
WARNING: Unmatched cancel notification for request id 590
2026.03.21 14:27:22 INFO  no build target found for C:\Users\Rifki\Personal\CollegeWorkspace\ChipDesign\Python\raytrace\src\test\scala\RayTracerTest.scala. Using presentation compiler with project's scala-library version: 3.3.7
Mar 21, 2026 2:27:25 PM org.eclipse.lsp4j.jsonrpc.RemoteEndpoint handleCancellation
WARNING: Unmatched cancel notification for request id 591
Mar 21, 2026 2:27:28 PM org.eclipse.lsp4j.jsonrpc.RemoteEndpoint handleCancellation
WARNING: Unmatched cancel notification for request id 592
2026.03.21 14:27:43 INFO  no build target found for C:\Users\Rifki\Personal\CollegeWorkspace\ChipDesign\Python\raytrace\src\test\scala\RayTracerTest.scala. Using presentation compiler with project's scala-library version: 3.3.7
Mar 21, 2026 2:27:49 PM org.eclipse.lsp4j.jsonrpc.RemoteEndpoint handleCancellation
WARNING: Unmatched cancel notification for request id 595
Mar 21, 2026 2:28:00 PM org.eclipse.lsp4j.jsonrpc.RemoteEndpoint handleCancellation
WARNING: Unmatched cancel notification for request id 596
Mar 21, 2026 2:28:08 PM org.eclipse.lsp4j.jsonrpc.RemoteEndpoint handleCancellation
WARNING: Unmatched cancel notification for request id 597
2026.03.21 14:28:15 INFO  no build target found for C:\Users\Rifki\Personal\CollegeWorkspace\ChipDesign\Python\raytrace\src\test\scala\RayTracerTest.scala. Using presentation compiler with project's scala-library version: 3.3.7
Mar 21, 2026 2:28:21 PM org.eclipse.lsp4j.jsonrpc.RemoteEndpoint handleCancellation
WARNING: Unmatched cancel notification for request id 598
2026.03.21 14:28:29 INFO  no build target found for C:\Users\Rifki\Personal\CollegeWorkspace\ChipDesign\Python\raytrace\src\test\scala\RayTracerTest.scala. Using presentation compiler with project's scala-library version: 3.3.7
Mar 21, 2026 2:28:33 PM org.eclipse.lsp4j.jsonrpc.RemoteEndpoint handleCancellation
WARNING: Unmatched cancel notification for request id 600
2026.03.21 14:28:36 INFO  no build target found for C:\Users\Rifki\Personal\CollegeWorkspace\ChipDesign\Python\raytrace\src\test\scala\RayTracerTest.scala. Using presentation compiler with project's scala-library version: 3.3.7
2026.03.21 14:28:39 INFO  no build target found for C:\Users\Rifki\Personal\CollegeWorkspace\ChipDesign\Python\raytrace\src\test\scala\RayTracerTest.scala. Using presentation compiler with project's scala-library version: 3.3.7
2026.03.21 14:28:43 INFO  no build target found for C:\Users\Rifki\Personal\CollegeWorkspace\ChipDesign\Python\raytrace\src\test\scala\RayTracerTest.scala. Using presentation compiler with project's scala-library version: 3.3.7
2026.03.21 14:28:46 INFO  no build target found for C:\Users\Rifki\Personal\CollegeWorkspace\ChipDesign\Python\raytrace\src\test\scala\RayTracerTest.scala. Using presentation compiler with project's scala-library version: 3.3.7
2026.03.21 14:28:50 INFO  no build target found for C:\Users\Rifki\Personal\CollegeWorkspace\ChipDesign\Python\raytrace\src\test\scala\RayTracerTest.scala. Using presentation compiler with project's scala-library version: 3.3.7
Mar 21, 2026 2:29:00 PM org.eclipse.lsp4j.jsonrpc.RemoteEndpoint handleCancellation
WARNING: Unmatched cancel notification for request id 601
Mar 21, 2026 2:29:08 PM org.eclipse.lsp4j.jsonrpc.RemoteEndpoint handleCancellation
WARNING: Unmatched cancel notification for request id 602
Mar 21, 2026 2:29:17 PM org.eclipse.lsp4j.jsonrpc.RemoteEndpoint handleCancellation
WARNING: Unmatched cancel notification for request id 603
Mar 21, 2026 2:29:33 PM org.eclipse.lsp4j.jsonrpc.RemoteEndpoint handleCancellation
WARNING: Unmatched cancel notification for request id 604
Mar 21, 2026 2:29:46 PM org.eclipse.lsp4j.jsonrpc.RemoteEndpoint handleCancellation
WARNING: Unmatched cancel notification for request id 605
Mar 21, 2026 2:29:56 PM org.eclipse.lsp4j.jsonrpc.RemoteEndpoint handleCancellation
WARNING: Unmatched cancel notification for request id 606
Mar 21, 2026 2:30:06 PM org.eclipse.lsp4j.jsonrpc.RemoteEndpoint handleCancellation
WARNING: Unmatched cancel notification for request id 607
2026.03.21 14:30:41 INFO  no build target found for C:\Users\Rifki\Personal\CollegeWorkspace\ChipDesign\Python\raytrace\src\test\scala\RayTracerTest.scala. Using presentation compiler with project's scala-library version: 3.3.7
2026.03.21 14:30:47 INFO  no build target found for C:\Users\Rifki\Personal\CollegeWorkspace\ChipDesign\Python\raytrace\src\test\scala\RayTracerTest.scala. Using presentation compiler with project's scala-library version: 3.3.7
2026.03.21 14:31:01 INFO  no build target found for C:\Users\Rifki\Personal\CollegeWorkspace\ChipDesign\Python\raytrace\src\test\scala\RayTracerTest.scala. Using presentation compiler with project's scala-library version: 3.3.7
2026.03.21 14:31:05 INFO  no build target found for C:\Users\Rifki\Personal\CollegeWorkspace\ChipDesign\Python\raytrace\src\test\scala\RayTracerTest.scala. Using presentation compiler with project's scala-library version: 3.3.7
Mar 21, 2026 2:31:28 PM org.eclipse.lsp4j.jsonrpc.RemoteEndpoint handleCancellation
WARNING: Unmatched cancel notification for request id 608
Mar 21, 2026 2:31:34 PM org.eclipse.lsp4j.jsonrpc.RemoteEndpoint handleCancellation
WARNING: Unmatched cancel notification for request id 609
Mar 21, 2026 2:31:38 PM org.eclipse.lsp4j.jsonrpc.RemoteEndpoint handleCancellation
WARNING: Unmatched cancel notification for request id 610
Mar 21, 2026 2:31:43 PM org.eclipse.lsp4j.jsonrpc.RemoteEndpoint handleCancellation
WARNING: Unmatched cancel notification for request id 611
Mar 21, 2026 2:31:52 PM org.eclipse.lsp4j.jsonrpc.RemoteEndpoint handleCancellation
WARNING: Unmatched cancel notification for request id 613
Mar 21, 2026 2:31:56 PM org.eclipse.lsp4j.jsonrpc.RemoteEndpoint handleCancellation
WARNING: Unmatched cancel notification for request id 614
Mar 21, 2026 2:32:01 PM org.eclipse.lsp4j.jsonrpc.RemoteEndpoint handleCancellation
WARNING: Unmatched cancel notification for request id 615
Mar 21, 2026 2:32:05 PM org.eclipse.lsp4j.jsonrpc.RemoteEndpoint handleCancellation
WARNING: Unmatched cancel notification for request id 616
Mar 21, 2026 2:32:10 PM org.eclipse.lsp4j.jsonrpc.RemoteEndpoint handleCancellation
WARNING: Unmatched cancel notification for request id 617
2026.03.21 14:32:33 WARN  no build target for: C:\Users\Rifki\Personal\CollegeWorkspace\ChipDesign\Python\raytrace\src\test\scala\RayTracerTest.scala
2026.03.21 14:32:51 INFO  no build target found for C:\Users\Rifki\Personal\CollegeWorkspace\ChipDesign\Python\raytrace\src\test\scala\RayTracerTest.scala. Using presentation compiler with project's scala-library version: 3.3.7
2026.03.21 14:32:55 INFO  no build target found for C:\Users\Rifki\Personal\CollegeWorkspace\ChipDesign\Python\raytrace\src\test\scala\RayTracerTest.scala. Using presentation compiler with project's scala-library version: 3.3.7
2026.03.21 14:33:00 INFO  no build target found for C:\Users\Rifki\Personal\CollegeWorkspace\ChipDesign\Python\raytrace\src\test\scala\RayTracerTest.scala. Using presentation compiler with project's scala-library version: 3.3.7
2026.03.21 14:33:00 INFO  Created report: Optional[file:///C:/Users/Rifki/Personal/CollegeWorkspace/ChipDesign/Python/raytrace/src/test/scala/RayTracerTest.scala]
2026.03.21 14:33:00 INFO  empty definition using pc, found symbol in pc:  (full report at: "C:\Users\Rifki\Personal\CollegeWorkspace\ChipDesign\Python\raytrace\.metals\.reports\metals-full\2026-03-21\r_empty-definition_14-33-00-434.md")
2026.03.21 14:33:05 INFO  no build target found for C:\Users\Rifki\Personal\CollegeWorkspace\ChipDesign\Python\raytrace\src\test\scala\RayTracerTest.scala. Using presentation compiler with project's scala-library version: 3.3.7
2026.03.21 14:33:17 INFO  no build target found for C:\Users\Rifki\Personal\CollegeWorkspace\ChipDesign\Python\raytrace\src\main\scala\RayTrace.scala. Using presentation compiler with project's scala-library version: 3.3.7
2026.03.21 14:33:22 WARN  no build target for: C:\Users\Rifki\Personal\CollegeWorkspace\ChipDesign\Python\raytrace\src\main\scala\RayTrace.scala
2026.03.21 14:33:49 INFO  no build target found for C:\Users\Rifki\Personal\CollegeWorkspace\ChipDesign\Python\raytrace\src\test\scala\RayTracerTest.scala. Using presentation compiler with project's scala-library version: 3.3.7
2026.03.21 14:33:54 WARN  no build target for: C:\Users\Rifki\Personal\CollegeWorkspace\ChipDesign\Python\raytrace\src\test\scala\RayTracerTest.scala
Mar 21, 2026 2:33:59 PM org.eclipse.lsp4j.jsonrpc.RemoteEndpoint handleCancellation
WARNING: Unmatched cancel notification for request id 620
Mar 21, 2026 2:34:04 PM org.eclipse.lsp4j.jsonrpc.RemoteEndpoint handleCancellation
WARNING: Unmatched cancel notification for request id 621
Mar 21, 2026 2:34:08 PM org.eclipse.lsp4j.jsonrpc.RemoteEndpoint handleCancellation
WARNING: Unmatched cancel notification for request id 622
Mar 21, 2026 2:34:14 PM org.eclipse.lsp4j.jsonrpc.RemoteEndpoint handleCancellation
WARNING: Unmatched cancel notification for request id 623
Mar 21, 2026 2:34:19 PM org.eclipse.lsp4j.jsonrpc.RemoteEndpoint handleCancellation
WARNING: Unmatched cancel notification for request id 624
Mar 21, 2026 2:34:24 PM org.eclipse.lsp4j.jsonrpc.RemoteEndpoint handleCancellation
WARNING: Unmatched cancel notification for request id 625
Mar 21, 2026 2:34:28 PM org.eclipse.lsp4j.jsonrpc.RemoteEndpoint handleCancellation
WARNING: Unmatched cancel notification for request id 626
Mar 21, 2026 2:34:33 PM org.eclipse.lsp4j.jsonrpc.RemoteEndpoint handleCancellation
WARNING: Unmatched cancel notification for request id 627
Mar 21, 2026 2:34:43 PM org.eclipse.lsp4j.jsonrpc.RemoteEndpoint handleCancellation
WARNING: Unmatched cancel notification for request id 630
Mar 21, 2026 2:34:48 PM org.eclipse.lsp4j.jsonrpc.RemoteEndpoint handleCancellation
WARNING: Unmatched cancel notification for request id 631
Mar 21, 2026 2:34:53 PM org.eclipse.lsp4j.jsonrpc.RemoteEndpoint handleCancellation
WARNING: Unmatched cancel notification for request id 632
Mar 21, 2026 2:34:59 PM org.eclipse.lsp4j.jsonrpc.RemoteEndpoint handleCancellation
WARNING: Unmatched cancel notification for request id 633
Mar 21, 2026 2:35:18 PM org.eclipse.lsp4j.jsonrpc.RemoteEndpoint handleCancellation
WARNING: Unmatched cancel notification for request id 636
2026.03.21 14:35:37 INFO  no build target found for C:\Users\Rifki\Personal\CollegeWorkspace\ChipDesign\Python\raytrace\src\test\scala\RayTracerTest.scala. Using presentation compiler with project's scala-library version: 3.3.7
2026.03.21 14:35:42 INFO  no build target found for C:\Users\Rifki\Personal\CollegeWorkspace\ChipDesign\Python\raytrace\src\test\scala\RayTracerTest.scala. Using presentation compiler with project's scala-library version: 3.3.7
Mar 21, 2026 2:36:10 PM org.eclipse.lsp4j.jsonrpc.RemoteEndpoint handleCancellation
WARNING: Unmatched cancel notification for request id 638
Mar 21, 2026 2:36:15 PM org.eclipse.lsp4j.jsonrpc.RemoteEndpoint handleCancellation
WARNING: Unmatched cancel notification for request id 639
Mar 21, 2026 2:36:21 PM org.eclipse.lsp4j.jsonrpc.RemoteEndpoint handleCancellation
WARNING: Unmatched cancel notification for request id 644
2026.03.21 14:36:26 INFO  no build target found for C:\Users\Rifki\Personal\CollegeWorkspace\ChipDesign\Python\raytrace\src\test\scala\RayTracerTest.scala. Using presentation compiler with project's scala-library version: 3.3.7
Mar 21, 2026 2:36:39 PM org.eclipse.lsp4j.jsonrpc.RemoteEndpoint handleCancellation
WARNING: Unmatched cancel notification for request id 645
Mar 21, 2026 2:36:47 PM org.eclipse.lsp4j.jsonrpc.RemoteEndpoint handleCancellation
WARNING: Unmatched cancel notification for request id 646
Mar 21, 2026 2:37:15 PM org.eclipse.lsp4j.jsonrpc.RemoteEndpoint handleCancellation
WARNING: Unmatched cancel notification for request id 647
Mar 21, 2026 2:37:20 PM org.eclipse.lsp4j.jsonrpc.RemoteEndpoint handleCancellation
WARNING: Unmatched cancel notification for request id 648
Mar 21, 2026 2:37:25 PM org.eclipse.lsp4j.jsonrpc.RemoteEndpoint handleCancellation
WARNING: Unmatched cancel notification for request id 649
Mar 21, 2026 2:37:31 PM org.eclipse.lsp4j.jsonrpc.RemoteEndpoint handleCancellation
WARNING: Unmatched cancel notification for request id 650
Mar 21, 2026 2:37:48 PM org.eclipse.lsp4j.jsonrpc.RemoteEndpoint handleCancellation
WARNING: Unmatched cancel notification for request id 651
Mar 21, 2026 2:38:06 PM org.eclipse.lsp4j.jsonrpc.RemoteEndpoint handleCancellation
WARNING: Unmatched cancel notification for request id 641
Mar 21, 2026 2:38:11 PM org.eclipse.lsp4j.jsonrpc.RemoteEndpoint handleCancellation
WARNING: Unmatched cancel notification for request id 640
Mar 21, 2026 2:38:25 PM org.eclipse.lsp4j.jsonrpc.RemoteEndpoint handleCancellation
WARNING: Unmatched cancel notification for request id 652
Mar 21, 2026 2:38:33 PM org.eclipse.lsp4j.jsonrpc.RemoteEndpoint handleCancellation
WARNING: Unmatched cancel notification for request id 637
2026.03.21 14:38:39 INFO  no build target found for C:\Users\Rifki\Personal\CollegeWorkspace\ChipDesign\Python\raytrace\src\main\scala\RayTrace.scala. Using presentation compiler with project's scala-library version: 3.3.7
2026.03.21 14:38:49 WARN  no build target for: C:\Users\Rifki\Personal\CollegeWorkspace\ChipDesign\Python\raytrace\src\main\scala\RayTrace.scala
2026.03.21 14:39:02 INFO  no build target found for C:\Users\Rifki\Personal\CollegeWorkspace\ChipDesign\Python\raytrace\src\main\scala\RayTrace.scala. Using presentation compiler with project's scala-library version: 3.3.7
Mar 21, 2026 2:39:08 PM org.eclipse.lsp4j.jsonrpc.RemoteEndpoint handleCancellation
WARNING: Unmatched cancel notification for request id 653
Mar 21, 2026 2:39:20 PM org.eclipse.lsp4j.jsonrpc.RemoteEndpoint handleCancellation
WARNING: Unmatched cancel notification for request id 654
Mar 21, 2026 2:39:31 PM org.eclipse.lsp4j.jsonrpc.RemoteEndpoint handleCancellation
WARNING: Unmatched cancel notification for request id 628
2026.03.21 14:40:09 INFO  no build target found for C:\Users\Rifki\Personal\CollegeWorkspace\ChipDesign\Python\raytrace\src\test\scala\RayTracerTest.scala. Using presentation compiler with project's scala-library version: 3.3.7
Mar 21, 2026 2:40:14 PM org.eclipse.lsp4j.jsonrpc.RemoteEndpoint handleCancellation
WARNING: Unmatched cancel notification for request id 655
2026.03.21 14:40:27 INFO  no build target found for C:\Users\Rifki\Personal\CollegeWorkspace\ChipDesign\Python\raytrace\src\main\scala\RayTrace.scala. Using presentation compiler with project's scala-library version: 3.3.7
Mar 21, 2026 2:40:48 PM org.eclipse.lsp4j.jsonrpc.RemoteEndpoint handleCancellation
WARNING: Unmatched cancel notification for request id 656
2026.03.21 14:41:14 INFO  no build target found for C:\Users\Rifki\Personal\CollegeWorkspace\ChipDesign\Python\raytrace\src\main\scala\RayTrace.scala. Using presentation compiler with project's scala-library version: 3.3.7
Mar 21, 2026 2:41:21 PM org.eclipse.lsp4j.jsonrpc.RemoteEndpoint handleCancellation
WARNING: Unmatched cancel notification for request id 659
2026.03.21 14:41:27 INFO  no build target found for C:\Users\Rifki\Personal\CollegeWorkspace\ChipDesign\Python\raytrace\src\main\scala\RayTrace.scala. Using presentation compiler with project's scala-library version: 3.3.7
Mar 21, 2026 2:41:39 PM org.eclipse.lsp4j.jsonrpc.RemoteEndpoint handleCancellation
WARNING: Unmatched cancel notification for request id 660
2026.03.21 14:41:52 INFO  no build target found for C:\Users\Rifki\Personal\CollegeWorkspace\ChipDesign\Python\raytrace\src\main\scala\RayTrace.scala. Using presentation compiler with project's scala-library version: 3.3.7
2026.03.21 14:42:00 INFO  no build target found for C:\Users\Rifki\Personal\CollegeWorkspace\ChipDesign\Python\raytrace\src\main\scala\RayTrace.scala. Using presentation compiler with project's scala-library version: 3.3.7
Mar 21, 2026 2:42:13 PM org.eclipse.lsp4j.jsonrpc.RemoteEndpoint handleCancellation
WARNING: Unmatched cancel notification for request id 662
Mar 21, 2026 2:42:21 PM org.eclipse.lsp4j.jsonrpc.RemoteEndpoint handleCancellation
WARNING: Unmatched cancel notification for request id 663
Mar 21, 2026 2:42:41 PM org.eclipse.lsp4j.jsonrpc.RemoteEndpoint handleCancellation
WARNING: Unmatched cancel notification for request id 664
Mar 21, 2026 2:42:49 PM org.eclipse.lsp4j.jsonrpc.RemoteEndpoint handleCancellation
WARNING: Unmatched cancel notification for request id 665
2026.03.21 14:43:19 INFO  no build target found for C:\Users\Rifki\Personal\CollegeWorkspace\ChipDesign\Python\raytrace\src\main\scala\RayTrace.scala. Using presentation compiler with project's scala-library version: 3.3.7
2026.03.21 14:43:49 WARN  no build target for: C:\Users\Rifki\Personal\CollegeWorkspace\ChipDesign\Python\raytrace\src\main\scala\RayTrace.scala
2026.03.21 14:43:49 INFO  no build target found for C:\Users\Rifki\Personal\CollegeWorkspace\ChipDesign\Python\raytrace\src\main\scala\RayTrace.scala. Using presentation compiler with project's scala-library version: 3.3.7
Mar 21, 2026 2:43:57 PM org.eclipse.lsp4j.jsonrpc.RemoteEndpoint handleCancellation
WARNING: Unmatched cancel notification for request id 668
2026.03.21 14:44:04 INFO  no build target found for C:\Users\Rifki\Personal\CollegeWorkspace\ChipDesign\Python\raytrace\src\main\scala\RayTrace.scala. Using presentation compiler with project's scala-library version: 3.3.7
2026.03.21 14:44:12 INFO  no build target found for C:\Users\Rifki\Personal\CollegeWorkspace\ChipDesign\Python\raytrace\src\main\scala\RayTrace.scala. Using presentation compiler with project's scala-library version: 3.3.7
Mar 21, 2026 2:44:18 PM org.eclipse.lsp4j.jsonrpc.RemoteEndpoint handleCancellation
WARNING: Unmatched cancel notification for request id 670
Mar 21, 2026 2:44:28 PM org.eclipse.lsp4j.jsonrpc.RemoteEndpoint handleCancellation
WARNING: Unmatched cancel notification for request id 671
2026.03.21 14:44:36 WARN  no build target for: C:\Users\Rifki\Personal\CollegeWorkspace\ChipDesign\Python\raytrace\src\main\scala\RayTrace.scala
Mar 21, 2026 2:44:50 PM org.eclipse.lsp4j.jsonrpc.RemoteEndpoint handleCancellation
WARNING: Unmatched cancel notification for request id 672
2026.03.21 14:44:57 INFO  no build target found for C:\Users\Rifki\Personal\CollegeWorkspace\ChipDesign\Python\raytrace\src\test\scala\RayTracerTest.scala. Using presentation compiler with project's scala-library version: 3.3.7
2026.03.21 14:45:05 WARN  no build target for: C:\Users\Rifki\Personal\CollegeWorkspace\ChipDesign\Python\raytrace\src\test\scala\RayTracerTest.scala
Mar 21, 2026 2:45:13 PM org.eclipse.lsp4j.jsonrpc.RemoteEndpoint handleCancellation
WARNING: Unmatched cancel notification for request id 673
Mar 21, 2026 2:45:33 PM org.eclipse.lsp4j.jsonrpc.RemoteEndpoint handleCancellation
WARNING: Unmatched cancel notification for request id 674
Mar 21, 2026 2:45:41 PM org.eclipse.lsp4j.jsonrpc.RemoteEndpoint handleCancellation
WARNING: Unmatched cancel notification for request id 675
2026.03.21 14:45:53 INFO  no build target found for C:\Users\Rifki\Personal\CollegeWorkspace\ChipDesign\Python\raytrace\src\test\scala\RayTracerTest.scala. Using presentation compiler with project's scala-library version: 3.3.7
2026.03.21 14:46:02 INFO  no build target found for C:\Users\Rifki\Personal\CollegeWorkspace\ChipDesign\Python\raytrace\src\test\scala\RayTracerTest.scala. Using presentation compiler with project's scala-library version: 3.3.7
Mar 21, 2026 2:46:10 PM org.eclipse.lsp4j.jsonrpc.RemoteEndpoint handleCancellation
WARNING: Unmatched cancel notification for request id 676
Mar 21, 2026 2:46:21 PM org.eclipse.lsp4j.jsonrpc.RemoteEndpoint handleCancellation
WARNING: Unmatched cancel notification for request id 677
2026.03.21 14:46:42 INFO  no build target found for C:\Users\Rifki\Personal\CollegeWorkspace\ChipDesign\Python\raytrace\src\test\scala\RayTracerTest.scala. Using presentation compiler with project's scala-library version: 3.3.7
Mar 21, 2026 2:46:53 PM org.eclipse.lsp4j.jsonrpc.RemoteEndpoint handleCancellation
WARNING: Unmatched cancel notification for request id 678
Mar 21, 2026 2:47:06 PM org.eclipse.lsp4j.jsonrpc.RemoteEndpoint handleCancellation
WARNING: Unmatched cancel notification for request id 679
2026.03.21 14:48:04 INFO  no build target found for C:\Users\Rifki\Personal\CollegeWorkspace\ChipDesign\Python\raytrace\src\test\scala\RayTracerTest.scala. Using presentation compiler with project's scala-library version: 3.3.7
Mar 21, 2026 2:48:26 PM org.eclipse.lsp4j.jsonrpc.RemoteEndpoint handleCancellation
WARNING: Unmatched cancel notification for request id 682
2026.03.21 14:48:55 INFO  no build target found for C:\Users\Rifki\Personal\CollegeWorkspace\ChipDesign\Python\raytrace\src\test\scala\RayTracerTest.scala. Using presentation compiler with project's scala-library version: 3.3.7
Mar 21, 2026 2:49:06 PM org.eclipse.lsp4j.jsonrpc.RemoteEndpoint handleCancellation
WARNING: Unmatched cancel notification for request id 684
Mar 21, 2026 2:49:15 PM org.eclipse.lsp4j.jsonrpc.RemoteEndpoint handleCancellation
WARNING: Unmatched cancel notification for request id 685
2026.03.21 14:49:27 INFO  no build target found for C:\Users\Rifki\Personal\CollegeWorkspace\ChipDesign\Python\raytrace\src\test\scala\RayTracerTest.scala. Using presentation compiler with project's scala-library version: 3.3.7
Mar 21, 2026 2:49:44 PM org.eclipse.lsp4j.jsonrpc.RemoteEndpoint handleCancellation
WARNING: Unmatched cancel notification for request id 686
2026.03.21 14:50:02 INFO  no build target found for C:\Users\Rifki\Personal\CollegeWorkspace\ChipDesign\Python\raytrace\src\test\scala\RayTracerTest.scala. Using presentation compiler with project's scala-library version: 3.3.7
2026.03.21 14:50:03 INFO  no build target found for C:\Users\Rifki\Personal\CollegeWorkspace\ChipDesign\Python\raytrace\src\test\scala\RayTracerTest.scala. Using presentation compiler with project's scala-library version: 3.3.7
2026.03.21 14:50:03 INFO  empty definition using pc, found symbol in pc:  (full report at: "C:\Users\Rifki\Personal\CollegeWorkspace\ChipDesign\Python\raytrace\.metals\.reports\metals-full\2026-03-21\r_empty-definition_14-12-02-310.md")
Mar 21, 2026 2:50:34 PM org.eclipse.lsp4j.jsonrpc.RemoteEndpoint handleCancellation
WARNING: Unmatched cancel notification for request id 687
Mar 21, 2026 2:50:44 PM org.eclipse.lsp4j.jsonrpc.RemoteEndpoint handleCancellation
WARNING: Unmatched cancel notification for request id 688
2026.03.21 14:50:56 INFO  no build target found for C:\Users\Rifki\Personal\CollegeWorkspace\ChipDesign\Python\raytrace\src\test\scala\RayTracerTest.scala. Using presentation compiler with project's scala-library version: 3.3.7
2026.03.21 14:50:57 INFO  empty definition using pc, found symbol in pc:  (full report at: "C:\Users\Rifki\Personal\CollegeWorkspace\ChipDesign\Python\raytrace\.metals\.reports\metals-full\2026-03-21\r_empty-definition_14-12-02-310.md")
Mar 21, 2026 2:51:27 PM org.eclipse.lsp4j.jsonrpc.RemoteEndpoint handleCancellation
WARNING: Unmatched cancel notification for request id 689
Mar 21, 2026 2:52:55 PM org.eclipse.lsp4j.jsonrpc.RemoteEndpoint handleCancellation
WARNING: Unmatched cancel notification for request id 692
2026.03.21 14:53:09 INFO  no build target found for C:\Users\Rifki\Personal\CollegeWorkspace\ChipDesign\Python\raytrace\src\test\scala\RayTracerTest.scala. Using presentation compiler with project's scala-library version: 3.3.7
2026.03.21 14:53:25 WARN  no build target for: C:\Users\Rifki\Personal\CollegeWorkspace\ChipDesign\Python\raytrace\src\test\scala\RayTracerTest.scala
2026.03.21 14:53:39 INFO  no build target found for C:\Users\Rifki\Personal\CollegeWorkspace\ChipDesign\Python\raytrace\src\test\scala\RayTracerTest.scala. Using presentation compiler with project's scala-library version: 3.3.7
Mar 21, 2026 2:54:23 PM org.eclipse.lsp4j.jsonrpc.RemoteEndpoint handleCancellation
WARNING: Unmatched cancel notification for request id 693
2026.03.21 14:54:43 INFO  no build target found for C:\Users\Rifki\Personal\CollegeWorkspace\ChipDesign\Python\raytrace\src\test\scala\RayTracerTest.scala. Using presentation compiler with project's scala-library version: 3.3.7
2026.03.21 14:55:05 INFO  no build target found for C:\Users\Rifki\Personal\CollegeWorkspace\ChipDesign\Python\raytrace\src\test\scala\RayTracerTest.scala. Using presentation compiler with project's scala-library version: 3.3.7
Mar 21, 2026 2:55:21 PM org.eclipse.lsp4j.jsonrpc.RemoteEndpoint handleCancellation
WARNING: Unmatched cancel notification for request id 695
Mar 21, 2026 2:55:37 PM org.eclipse.lsp4j.jsonrpc.RemoteEndpoint handleCancellation
WARNING: Unmatched cancel notification for request id 696
Mar 21, 2026 2:56:02 PM org.eclipse.lsp4j.jsonrpc.RemoteEndpoint handleCancellation
WARNING: Unmatched cancel notification for request id 697
2026.03.21 14:56:23 INFO  no build target found for C:\Users\Rifki\Personal\CollegeWorkspace\ChipDesign\Python\raytrace\src\main\scala\RayTrace.scala. Using presentation compiler with project's scala-library version: 3.3.7
2026.03.21 14:58:15 INFO  no build target found for C:\Users\Rifki\Personal\CollegeWorkspace\ChipDesign\Python\raytrace\src\main\scala\RayTrace.scala. Using presentation compiler with project's scala-library version: 3.3.7
